INFO 2024-08-10 14:43:34,607 autoreload Watching for file changes with StatReloader
DEBUG 2024-08-10 14:43:34,607 autoreload Waiting for apps ready_event.
DEBUG 2024-08-10 14:43:34,623 autoreload Apps ready_event triggered. Sending autoreload_started signal.
DEBUG 2024-08-10 14:43:34,639 autoreload Watching dir C:\Users\theop\project_mediatheque\django_mediatheque\gestion\templates with glob **/*.
DEBUG 2024-08-10 14:43:34,639 autoreload Watching dir C:\Users\theop\project_mediatheque\django_mediatheque\locale with glob **/*.mo.
DEBUG 2024-08-10 14:43:34,639 autoreload Watching dir C:\Users\theop\project_mediatheque\django_mediatheque\locale with glob **/*.mo.
DEBUG 2024-08-10 14:43:34,639 autoreload Watching dir C:\Users\theop\project_mediatheque\django_mediatheque\gestion\locale with glob **/*.mo.
DEBUG 2024-08-10 14:43:34,705 utils (0.000) 
            SELECT name, type FROM sqlite_master
            WHERE type in ('table', 'view') AND NOT name='sqlite_sequence'
            ORDER BY name; args=None; alias=default
DEBUG 2024-08-10 14:43:34,705 utils (0.000) SELECT "django_migrations"."id", "django_migrations"."app", "django_migrations"."name", "django_migrations"."applied" FROM "django_migrations"; args=(); alias=default
DEBUG 2024-08-10 14:43:34,924 autoreload File C:\Users\theop\project_mediatheque\Lib\site-packages\django\contrib\staticfiles\management\__init__.py first seen with mtime 1722342985.438942
DEBUG 2024-08-10 14:43:34,924 autoreload File C:\Users\theop\project_mediatheque\Lib\site-packages\django\db\backends\base\features.py first seen with mtime 1722342985.972981
DEBUG 2024-08-10 14:43:34,924 autoreload File C:\Users\theop\project_mediatheque\Lib\site-packages\django\contrib\admin\models.py first seen with mtime 1722342966.7770166
DEBUG 2024-08-10 14:43:34,924 autoreload File C:\Users\theop\project_mediatheque\Lib\site-packages\django\db\models\fields\mixins.py first seen with mtime 1722342986.4919088
DEBUG 2024-08-10 14:43:34,924 autoreload File C:\Users\theop\project_mediatheque\Lib\site-packages\django\views\generic\base.py first seen with mtime 1722342987.8242097
DEBUG 2024-08-10 14:43:34,924 autoreload File C:\Users\theop\project_mediatheque\Lib\site-packages\sqlparse\formatter.py first seen with mtime 1722342964.067261
DEBUG 2024-08-10 14:43:34,924 autoreload File C:\Users\theop\project_mediatheque\Lib\site-packages\django\db\models\options.py first seen with mtime 1722342986.4325483
DEBUG 2024-08-10 14:43:34,924 autoreload File C:\Users\theop\project_mediatheque\Lib\site-packages\django\template\context.py first seen with mtime 1722342987.337133
DEBUG 2024-08-10 14:43:34,924 autoreload File C:\Users\theop\project_mediatheque\Lib\site-packages\sqlparse\sql.py first seen with mtime 1722342964.085145
DEBUG 2024-08-10 14:43:34,924 autoreload File C:\Users\theop\project_mediatheque\Lib\site-packages\django\utils\inspect.py first seen with mtime 1722342987.6412187
DEBUG 2024-08-10 14:43:34,924 autoreload File C:\Users\theop\project_mediatheque\Lib\site-packages\django\db\migrations\__init__.py first seen with mtime 1722342986.2369182
DEBUG 2024-08-10 14:43:34,924 autoreload File C:\Users\theop\project_mediatheque\Lib\site-packages\django\db\backends\sqlite3\__init__.py first seen with mtime 1722342986.1840224
DEBUG 2024-08-10 14:43:34,924 autoreload File C:\Program Files\WindowsApps\PythonSoftwareFoundation.Python.3.12_3.12.1520.0_x64__qbz5n2kfra8p0\Lib\wsgiref\util.py first seen with mtime 1722342090.2221026
DEBUG 2024-08-10 14:43:34,924 autoreload File C:\Users\theop\project_mediatheque\Lib\site-packages\django\template\exceptions.py first seen with mtime 1722342987.3681972
DEBUG 2024-08-10 14:43:34,924 autoreload File C:\Users\theop\project_mediatheque\Lib\site-packages\django\contrib\contenttypes\forms.py first seen with mtime 1722342973.9284105
DEBUG 2024-08-10 14:43:34,924 autoreload File C:\Users\theop\project_mediatheque\Lib\site-packages\django\db\__init__.py first seen with mtime 1722342985.9206808
DEBUG 2024-08-10 14:43:34,924 autoreload File C:\Program Files\WindowsApps\PythonSoftwareFoundation.Python.3.12_3.12.1520.0_x64__qbz5n2kfra8p0\DLLs\_queue.pyd first seen with mtime 1723024858.454183
DEBUG 2024-08-10 14:43:34,924 autoreload File C:\Program Files\WindowsApps\PythonSoftwareFoundation.Python.3.12_3.12.1520.0_x64__qbz5n2kfra8p0\Lib\email\encoders.py first seen with mtime 1722341993.2882354
DEBUG 2024-08-10 14:43:34,924 autoreload File C:\Program Files\WindowsApps\PythonSoftwareFoundation.Python.3.12_3.12.1520.0_x64__qbz5n2kfra8p0\Lib\email\errors.py first seen with mtime 1723024880.444286
DEBUG 2024-08-10 14:43:34,924 autoreload File C:\Program Files\WindowsApps\PythonSoftwareFoundation.Python.3.12_3.12.1520.0_x64__qbz5n2kfra8p0\Lib\wsgiref\headers.py first seen with mtime 1722342090.220103
DEBUG 2024-08-10 14:43:34,924 autoreload File C:\Users\theop\project_mediatheque\Lib\site-packages\django\core\files\storage\__init__.py first seen with mtime 1722342985.6650572
DEBUG 2024-08-10 14:43:34,924 autoreload File C:\Users\theop\project_mediatheque\Lib\site-packages\django\db\models\fields\related_descriptors.py first seen with mtime 1722342986.5120597
DEBUG 2024-08-10 14:43:34,924 autoreload File C:\Users\theop\project_mediatheque\Lib\site-packages\django\core\cache\backends\__init__.py first seen with mtime 1722342985.5195484
DEBUG 2024-08-10 14:43:34,924 autoreload File C:\Users\theop\project_mediatheque\Lib\site-packages\django\views\debug.py first seen with mtime 1722342987.757332
DEBUG 2024-08-10 14:43:34,924 autoreload File C:\Users\theop\project_mediatheque\Lib\site-packages\sqlparse\filters\aligned_indent.py first seen with mtime 1722342964.123214
DEBUG 2024-08-10 14:43:34,924 autoreload File C:\Program Files\WindowsApps\PythonSoftwareFoundation.Python.3.12_3.12.1520.0_x64__qbz5n2kfra8p0\Lib\urllib\__init__.py first seen with mtime 1723024808.649581
DEBUG 2024-08-10 14:43:34,924 autoreload File C:\Users\theop\project_mediatheque\Lib\site-packages\django\core\files\move.py first seen with mtime 1722342985.6467848
DEBUG 2024-08-10 14:43:34,924 autoreload File C:\Users\theop\project_mediatheque\Lib\site-packages\django\db\migrations\operations\special.py first seen with mtime 1722342986.3595486
DEBUG 2024-08-10 14:43:34,924 autoreload File C:\Users\theop\project_mediatheque\Lib\site-packages\django\core\files\images.py first seen with mtime 1722342985.6349802
DEBUG 2024-08-10 14:43:34,924 autoreload File C:\Users\theop\project_mediatheque\Lib\site-packages\django\templatetags\tz.py first seen with mtime 1722342987.4673626
DEBUG 2024-08-10 14:43:34,924 autoreload File C:\Users\theop\project_mediatheque\Lib\site-packages\django\core\paginator.py first seen with mtime 1722342985.4776244
DEBUG 2024-08-10 14:43:34,924 autoreload File C:\Program Files\WindowsApps\PythonSoftwareFoundation.Python.3.12_3.12.1520.0_x64__qbz5n2kfra8p0\Lib\random.py first seen with mtime 1722342057.1907535
DEBUG 2024-08-10 14:43:34,924 autoreload File C:\Users\theop\project_mediatheque\Lib\site-packages\django\core\wsgi.py first seen with mtime 1722342985.4982255
DEBUG 2024-08-10 14:43:34,924 autoreload File C:\Users\theop\project_mediatheque\Lib\site-packages\django\contrib\auth\signals.py first seen with mtime 1722342972.2497964
DEBUG 2024-08-10 14:43:34,924 autoreload File C:\Users\theop\project_mediatheque\Lib\site-packages\django\utils\hashable.py first seen with mtime 1722342987.6279125
DEBUG 2024-08-10 14:43:34,924 autoreload File C:\Users\theop\project_mediatheque\Lib\site-packages\django\db\backends\sqlite3\base.py first seen with mtime 1722342986.1900263
DEBUG 2024-08-10 14:43:34,924 autoreload File C:\Users\theop\project_mediatheque\Lib\site-packages\django\apps\__init__.py first seen with mtime 1722342964.565227
DEBUG 2024-08-10 14:43:34,940 autoreload File C:\Program Files\WindowsApps\PythonSoftwareFoundation.Python.3.12_3.12.1520.0_x64__qbz5n2kfra8p0\Lib\gzip.py first seen with mtime 1722342017.593072
DEBUG 2024-08-10 14:43:34,940 autoreload File C:\Users\theop\project_mediatheque\Lib\site-packages\django\db\migrations\operations\__init__.py first seen with mtime 1722342986.3248906
DEBUG 2024-08-10 14:43:34,945 autoreload File C:\Users\theop\project_mediatheque\Lib\site-packages\django\contrib\messages\utils.py first seen with mtime 1722342980.5915332
DEBUG 2024-08-10 14:43:34,946 autoreload File C:\Users\theop\project_mediatheque\Lib\site-packages\django\db\backends\base\__init__.py first seen with mtime 1722342985.9562721
DEBUG 2024-08-10 14:43:34,946 autoreload File C:\Users\theop\project_mediatheque\Lib\site-packages\django\views\decorators\__init__.py first seen with mtime 1722342987.7797625
DEBUG 2024-08-10 14:43:34,946 autoreload File C:\Program Files\WindowsApps\PythonSoftwareFoundation.Python.3.12_3.12.1520.0_x64__qbz5n2kfra8p0\Lib\email\feedparser.py first seen with mtime 1722341993.289236
DEBUG 2024-08-10 14:43:34,946 autoreload File C:\Program Files\WindowsApps\PythonSoftwareFoundation.Python.3.12_3.12.1520.0_x64__qbz5n2kfra8p0\Lib\http\__init__.py first seen with mtime 1722342017.6173687
DEBUG 2024-08-10 14:43:34,946 autoreload File C:\Users\theop\project_mediatheque\Lib\site-packages\django\forms\renderers.py first seen with mtime 1722342986.6918938
DEBUG 2024-08-10 14:43:34,946 autoreload File C:\Users\theop\project_mediatheque\Lib\site-packages\django\urls\utils.py first seen with mtime 1722342987.5312784
DEBUG 2024-08-10 14:43:34,946 autoreload File C:\Program Files\WindowsApps\PythonSoftwareFoundation.Python.3.12_3.12.1520.0_x64__qbz5n2kfra8p0\Lib\multiprocessing\process.py first seen with mtime 1722342057.0727897
DEBUG 2024-08-10 14:43:34,946 autoreload File C:\Program Files\WindowsApps\PythonSoftwareFoundation.Python.3.12_3.12.1520.0_x64__qbz5n2kfra8p0\DLLs\_zoneinfo.pyd first seen with mtime 1723024858.482767
DEBUG 2024-08-10 14:43:34,946 autoreload File C:\Program Files\WindowsApps\PythonSoftwareFoundation.Python.3.12_3.12.1520.0_x64__qbz5n2kfra8p0\Lib\_compression.py first seen with mtime 1722342095.9646716
DEBUG 2024-08-10 14:43:34,946 autoreload File C:\Program Files\WindowsApps\PythonSoftwareFoundation.Python.3.12_3.12.1520.0_x64__qbz5n2kfra8p0\DLLs\_uuid.pyd first seen with mtime 1723024858.4696727
DEBUG 2024-08-10 14:43:34,946 autoreload File C:\Users\theop\project_mediatheque\Lib\site-packages\django\contrib\auth\admin.py first seen with mtime 1722342972.1600091
DEBUG 2024-08-10 14:43:34,946 autoreload File C:\Program Files\WindowsApps\PythonSoftwareFoundation.Python.3.12_3.12.1520.0_x64__qbz5n2kfra8p0\Lib\asyncio\__init__.py first seen with mtime 1722341993.133065
DEBUG 2024-08-10 14:43:34,946 autoreload File C:\Users\theop\project_mediatheque\Lib\site-packages\django\utils\http.py first seen with mtime 1722342987.6352372
DEBUG 2024-08-10 14:43:34,946 autoreload File C:\Users\theop\project_mediatheque\Lib\site-packages\django\contrib\contenttypes\fields.py first seen with mtime 1722342973.9225948
DEBUG 2024-08-10 14:43:34,946 autoreload File C:\Program Files\WindowsApps\PythonSoftwareFoundation.Python.3.12_3.12.1520.0_x64__qbz5n2kfra8p0\Lib\_compat_pickle.py first seen with mtime 1722342095.9636805
DEBUG 2024-08-10 14:43:34,953 autoreload File C:\Program Files\WindowsApps\PythonSoftwareFoundation.Python.3.12_3.12.1520.0_x64__qbz5n2kfra8p0\Lib\html\entities.py first seen with mtime 1722342017.5962572
DEBUG 2024-08-10 14:43:34,953 autoreload File C:\Users\theop\project_mediatheque\Lib\site-packages\django\utils\formats.py first seen with mtime 1722342987.6199226
DEBUG 2024-08-10 14:43:34,953 autoreload File C:\Users\theop\project_mediatheque\Lib\site-packages\django\contrib\contenttypes\management\__init__.py first seen with mtime 1722342975.58071
DEBUG 2024-08-10 14:43:34,953 autoreload File C:\Program Files\WindowsApps\PythonSoftwareFoundation.Python.3.12_3.12.1520.0_x64__qbz5n2kfra8p0\Lib\getpass.py first seen with mtime 1722342017.5900896
DEBUG 2024-08-10 14:43:34,953 autoreload File C:\Program Files\WindowsApps\PythonSoftwareFoundation.Python.3.12_3.12.1520.0_x64__qbz5n2kfra8p0\Lib\email\charset.py first seen with mtime 1722341993.287235
DEBUG 2024-08-10 14:43:34,953 autoreload File C:\Users\theop\project_mediatheque\Lib\site-packages\django\views\generic\dates.py first seen with mtime 1722342987.8276062
DEBUG 2024-08-10 14:43:34,956 autoreload File C:\Program Files\WindowsApps\PythonSoftwareFoundation.Python.3.12_3.12.1520.0_x64__qbz5n2kfra8p0\Lib\asyncio\threads.py first seen with mtime 1722341993.1283526
DEBUG 2024-08-10 14:43:34,956 autoreload File C:\Users\theop\project_mediatheque\Lib\site-packages\django\http\cookie.py first seen with mtime 1722342987.2472131
DEBUG 2024-08-10 14:43:34,956 autoreload File C:\Program Files\WindowsApps\PythonSoftwareFoundation.Python.3.12_3.12.1520.0_x64__qbz5n2kfra8p0\Lib\asyncio\base_futures.py first seen with mtime 1722341993.1109257
DEBUG 2024-08-10 14:43:34,956 autoreload File C:\Program Files\WindowsApps\PythonSoftwareFoundation.Python.3.12_3.12.1520.0_x64__qbz5n2kfra8p0\Lib\asyncio\tasks.py first seen with mtime 1722341993.1273718
DEBUG 2024-08-10 14:43:34,956 autoreload File C:\Program Files\WindowsApps\PythonSoftwareFoundation.Python.3.12_3.12.1520.0_x64__qbz5n2kfra8p0\Lib\warnings.py first seen with mtime 1722342090.217103
DEBUG 2024-08-10 14:43:34,956 autoreload File C:\Users\theop\project_mediatheque\Lib\site-packages\django\contrib\auth\backends.py first seen with mtime 1722342972.1750154
DEBUG 2024-08-10 14:43:34,956 autoreload File C:\Users\theop\project_mediatheque\Lib\site-packages\django\core\files\locks.py first seen with mtime 1722342985.6423583
DEBUG 2024-08-10 14:43:34,956 autoreload File C:\Program Files\WindowsApps\PythonSoftwareFoundation.Python.3.12_3.12.1520.0_x64__qbz5n2kfra8p0\Lib\operator.py first seen with mtime 1722342057.138068
DEBUG 2024-08-10 14:43:34,956 autoreload File C:\Program Files\WindowsApps\PythonSoftwareFoundation.Python.3.12_3.12.1520.0_x64__qbz5n2kfra8p0\Lib\hashlib.py first seen with mtime 1722342017.5940697
DEBUG 2024-08-10 14:43:34,956 autoreload File C:\Program Files\WindowsApps\PythonSoftwareFoundation.Python.3.12_3.12.1520.0_x64__qbz5n2kfra8p0\Lib\pickle.py first seen with mtime 1723024925.6291573
DEBUG 2024-08-10 14:43:34,956 autoreload File C:\Program Files\WindowsApps\PythonSoftwareFoundation.Python.3.12_3.12.1520.0_x64__qbz5n2kfra8p0\Lib\logging\handlers.py first seen with mtime 1723024915.4749365
DEBUG 2024-08-10 14:43:34,956 autoreload File C:\Users\theop\project_mediatheque\Lib\site-packages\django\template\backends\base.py first seen with mtime 1722342987.4018962
DEBUG 2024-08-10 14:43:34,956 autoreload File C:\Users\theop\project_mediatheque\Lib\site-packages\sqlparse\filters\output.py first seen with mtime 1722342964.1317925
DEBUG 2024-08-10 14:43:34,956 autoreload File C:\Users\theop\project_mediatheque\Lib\site-packages\django\contrib\contenttypes\checks.py first seen with mtime 1722342973.9141746
DEBUG 2024-08-10 14:43:34,956 autoreload File C:\Program Files\WindowsApps\PythonSoftwareFoundation.Python.3.12_3.12.1520.0_x64__qbz5n2kfra8p0\Lib\mimetypes.py first seen with mtime 1723024915.5046942
DEBUG 2024-08-10 14:43:34,956 autoreload File C:\Program Files\WindowsApps\PythonSoftwareFoundation.Python.3.12_3.12.1520.0_x64__qbz5n2kfra8p0\Lib\email\header.py first seen with mtime 1722341993.2902348
DEBUG 2024-08-10 14:43:34,956 autoreload File C:\Program Files\WindowsApps\PythonSoftwareFoundation.Python.3.12_3.12.1520.0_x64__qbz5n2kfra8p0\Lib\asyncio\timeouts.py first seen with mtime 1722341993.1293497
DEBUG 2024-08-10 14:43:34,956 autoreload File C:\Program Files\WindowsApps\PythonSoftwareFoundation.Python.3.12_3.12.1520.0_x64__qbz5n2kfra8p0\Lib\asyncio\base_subprocess.py first seen with mtime 1722341993.1119213
DEBUG 2024-08-10 14:43:34,956 autoreload File C:\Program Files\WindowsApps\PythonSoftwareFoundation.Python.3.12_3.12.1520.0_x64__qbz5n2kfra8p0\Lib\lzma.py first seen with mtime 1722342057.034768
DEBUG 2024-08-10 14:43:34,956 autoreload File C:\Users\theop\project_mediatheque\Lib\site-packages\django\db\models\constants.py first seen with mtime 1722342986.3788452
DEBUG 2024-08-10 14:43:34,956 autoreload File C:\Users\theop\project_mediatheque\Lib\site-packages\django\http\request.py first seen with mtime 1722342987.256385
DEBUG 2024-08-10 14:43:34,956 autoreload File C:\Program Files\WindowsApps\PythonSoftwareFoundation.Python.3.12_3.12.1520.0_x64__qbz5n2kfra8p0\Lib\html\__init__.py first seen with mtime 1722342017.6008053
DEBUG 2024-08-10 14:43:34,956 autoreload File C:\Users\theop\project_mediatheque\Lib\site-packages\django\contrib\admin\templatetags\admin_urls.py first seen with mtime 1722342970.7770863
DEBUG 2024-08-10 14:43:34,956 autoreload File C:\Program Files\WindowsApps\PythonSoftwareFoundation.Python.3.12_3.12.1520.0_x64__qbz5n2kfra8p0\Lib\graphlib.py first seen with mtime 1722342017.593072
DEBUG 2024-08-10 14:43:34,956 autoreload File C:\Users\theop\project_mediatheque\django_mediatheque\urls.py first seen with mtime 1723126075.354769
DEBUG 2024-08-10 14:43:34,956 autoreload File C:\Users\theop\project_mediatheque\Lib\site-packages\django\core\handlers\exception.py first seen with mtime 1722342985.7031338
DEBUG 2024-08-10 14:43:34,956 autoreload File C:\Users\theop\project_mediatheque\Lib\site-packages\django\template\engine.py first seen with mtime 1722342987.3631952
DEBUG 2024-08-10 14:43:34,956 autoreload File C:\Users\theop\project_mediatheque\Lib\site-packages\django\forms\widgets.py first seen with mtime 1722342986.7024024
DEBUG 2024-08-10 14:43:34,956 autoreload File C:\Users\theop\project_mediatheque\Lib\site-packages\django\contrib\contenttypes\models.py first seen with mtime 1722342973.9370022
DEBUG 2024-08-10 14:43:34,956 autoreload File C:\Users\theop\project_mediatheque\Lib\site-packages\sqlparse\lexer.py first seen with mtime 1722342964.080093
DEBUG 2024-08-10 14:43:34,956 autoreload File C:\Users\theop\project_mediatheque\Lib\site-packages\django\db\models\enums.py first seen with mtime 1722342986.3944867
DEBUG 2024-08-10 14:43:34,956 autoreload File C:\Program Files\WindowsApps\PythonSoftwareFoundation.Python.3.12_3.12.1520.0_x64__qbz5n2kfra8p0\Lib\subprocess.py first seen with mtime 1722342083.515732
DEBUG 2024-08-10 14:43:34,956 autoreload File C:\Users\theop\project_mediatheque\Lib\site-packages\django\apps\config.py first seen with mtime 1722342964.5702846
DEBUG 2024-08-10 14:43:34,956 autoreload File C:\Users\theop\project_mediatheque\Lib\site-packages\django\views\static.py first seen with mtime 1722342987.7747624
DEBUG 2024-08-10 14:43:34,956 autoreload File C:\Users\theop\project_mediatheque\Lib\site-packages\django\core\files\storage\base.py first seen with mtime 1722342985.6680675
DEBUG 2024-08-10 14:43:34,956 autoreload File C:\Users\theop\project_mediatheque\Lib\site-packages\django\core\signals.py first seen with mtime 1722342985.481946
DEBUG 2024-08-10 14:43:34,971 autoreload File C:\Program Files\WindowsApps\PythonSoftwareFoundation.Python.3.12_3.12.1520.0_x64__qbz5n2kfra8p0\Lib\linecache.py first seen with mtime 1723024915.4729366
DEBUG 2024-08-10 14:43:34,971 autoreload File C:\Users\theop\project_mediatheque\Lib\site-packages\django\contrib\admin\templatetags\base.py first seen with mtime 1722342970.780083
DEBUG 2024-08-10 14:43:34,971 autoreload File C:\Program Files\WindowsApps\PythonSoftwareFoundation.Python.3.12_3.12.1520.0_x64__qbz5n2kfra8p0\Lib\email\mime\message.py first seen with mtime 1722341993.2942357
DEBUG 2024-08-10 14:43:34,971 autoreload File C:\Users\theop\project_mediatheque\Lib\site-packages\django\contrib\contenttypes\admin.py first seen with mtime 1722342973.9063685
DEBUG 2024-08-10 14:43:34,971 autoreload File C:\Users\theop\project_mediatheque\Lib\site-packages\django\template\response.py first seen with mtime 1722342987.3867745
DEBUG 2024-08-10 14:43:34,971 autoreload File C:\Users\theop\project_mediatheque\Lib\site-packages\django\db\models\base.py first seen with mtime 1722342986.3748455
DEBUG 2024-08-10 14:43:34,971 autoreload File C:\Program Files\WindowsApps\PythonSoftwareFoundation.Python.3.12_3.12.1520.0_x64__qbz5n2kfra8p0\Lib\asyncio\proactor_events.py first seen with mtime 1722341993.118088
DEBUG 2024-08-10 14:43:34,971 autoreload File C:\Users\theop\project_mediatheque\Lib\site-packages\django\db\models\aggregates.py first seen with mtime 1722342986.3691545
DEBUG 2024-08-10 14:43:34,971 autoreload File C:\Users\theop\project_mediatheque\Lib\site-packages\django\contrib\staticfiles\__init__.py first seen with mtime 1722342985.3973007
DEBUG 2024-08-10 14:43:34,971 autoreload File C:\Users\theop\project_mediatheque\django_mediatheque\settings.py first seen with mtime 1723293707.1916134
DEBUG 2024-08-10 14:43:34,971 autoreload File C:\Users\theop\project_mediatheque\Lib\site-packages\django\db\backends\sqlite3\client.py first seen with mtime 1722342986.195266
DEBUG 2024-08-10 14:43:34,971 autoreload File C:\Program Files\WindowsApps\PythonSoftwareFoundation.Python.3.12_3.12.1520.0_x64__qbz5n2kfra8p0\Lib\re\_parser.py first seen with mtime 1722342057.1980126
DEBUG 2024-08-10 14:43:34,971 autoreload File C:\Users\theop\project_mediatheque\Lib\site-packages\django\template\defaultfilters.py first seen with mtime 1722342987.346427
DEBUG 2024-08-10 14:43:34,971 autoreload File C:\Users\theop\project_mediatheque\Lib\site-packages\django\forms\models.py first seen with mtime 1722342986.681409
DEBUG 2024-08-10 14:43:34,971 autoreload File C:\Program Files\WindowsApps\PythonSoftwareFoundation.Python.3.12_3.12.1520.0_x64__qbz5n2kfra8p0\Lib\encodings\utf_8.py first seen with mtime 1722342005.4528768
DEBUG 2024-08-10 14:43:34,971 autoreload File C:\Program Files\WindowsApps\PythonSoftwareFoundation.Python.3.12_3.12.1520.0_x64__qbz5n2kfra8p0\DLLs\select.pyd first seen with mtime 1723024858.2150004
DEBUG 2024-08-10 14:43:34,971 autoreload File C:\Users\theop\project_mediatheque\Lib\site-packages\sqlparse\cli.py first seen with mtime 1722342964.0574355
DEBUG 2024-08-10 14:43:34,971 autoreload File C:\Program Files\WindowsApps\PythonSoftwareFoundation.Python.3.12_3.12.1520.0_x64__qbz5n2kfra8p0\Lib\typing.py first seen with mtime 1723024991.0027
DEBUG 2024-08-10 14:43:34,971 autoreload File C:\Users\theop\project_mediatheque\Lib\site-packages\django\db\models\functions\mixins.py first seen with mtime 1722342986.5720563
DEBUG 2024-08-10 14:43:34,971 autoreload File C:\Program Files\WindowsApps\PythonSoftwareFoundation.Python.3.12_3.12.1520.0_x64__qbz5n2kfra8p0\Lib\asyncio\staggered.py first seen with mtime 1722341993.123108
DEBUG 2024-08-10 14:43:34,971 autoreload File C:\Program Files\WindowsApps\PythonSoftwareFoundation.Python.3.12_3.12.1520.0_x64__qbz5n2kfra8p0\Lib\multiprocessing\context.py first seen with mtime 1722342057.0562067
DEBUG 2024-08-10 14:43:34,971 autoreload File C:\Users\theop\project_mediatheque\Lib\site-packages\django\contrib\staticfiles\handlers.py first seen with mtime 1722342985.4107301
DEBUG 2024-08-10 14:43:34,971 autoreload File C:\Users\theop\project_mediatheque\Lib\site-packages\django\urls\__init__.py first seen with mtime 1722342987.510024
DEBUG 2024-08-10 14:43:34,971 autoreload File C:\Users\theop\project_mediatheque\Lib\site-packages\django\utils\datastructures.py first seen with mtime 1722342987.5759532
DEBUG 2024-08-10 14:43:34,971 autoreload File C:\Users\theop\project_mediatheque\Lib\site-packages\django\core\checks\security\__init__.py first seen with mtime 1722342985.6158957
DEBUG 2024-08-10 14:43:34,971 autoreload File C:\Users\theop\project_mediatheque\Lib\site-packages\django\core\cache\backends\locmem.py first seen with mtime 1722342985.5398655
DEBUG 2024-08-10 14:43:34,971 autoreload File C:\Program Files\WindowsApps\PythonSoftwareFoundation.Python.3.12_3.12.1520.0_x64__qbz5n2kfra8p0\Lib\pprint.py first seen with mtime 1722342057.1552863
DEBUG 2024-08-10 14:43:34,971 autoreload File C:\Users\theop\project_mediatheque\Lib\site-packages\django\views\generic\detail.py first seen with mtime 1722342987.8317897
DEBUG 2024-08-10 14:43:34,971 autoreload File C:\Users\theop\project_mediatheque\Lib\site-packages\django\db\models\fields\proxy.py first seen with mtime 1722342986.50336
DEBUG 2024-08-10 14:43:34,971 autoreload File C:\Program Files\WindowsApps\PythonSoftwareFoundation.Python.3.12_3.12.1520.0_x64__qbz5n2kfra8p0\Lib\email\_parseaddr.py first seen with mtime 1722342005.32444
DEBUG 2024-08-10 14:43:34,971 autoreload File C:\Users\theop\project_mediatheque\Lib\site-packages\django\db\models\fields\related_lookups.py first seen with mtime 1722342986.5223012
DEBUG 2024-08-10 14:43:34,971 autoreload File C:\Users\theop\project_mediatheque\Lib\site-packages\django\contrib\admin\options.py first seen with mtime 1722342966.783598
DEBUG 2024-08-10 14:43:34,971 autoreload File C:\Program Files\WindowsApps\PythonSoftwareFoundation.Python.3.12_3.12.1520.0_x64__qbz5n2kfra8p0\Lib\asyncio\events.py first seen with mtime 1722341993.1139202
DEBUG 2024-08-10 14:43:34,971 autoreload File C:\Program Files\WindowsApps\PythonSoftwareFoundation.Python.3.12_3.12.1520.0_x64__qbz5n2kfra8p0\Lib\json\__init__.py first seen with mtime 1722342056.8186512
DEBUG 2024-08-10 14:43:34,987 autoreload File C:\Users\theop\project_mediatheque\django_mediatheque\gestion\urls.py first seen with mtime 1723222692.2608502
DEBUG 2024-08-10 14:43:34,987 autoreload File C:\Users\theop\project_mediatheque\Lib\site-packages\django\views\__init__.py first seen with mtime 1722342987.7475784
DEBUG 2024-08-10 14:43:34,987 autoreload File C:\Users\theop\project_mediatheque\Lib\site-packages\django\core\checks\translation.py first seen with mtime 1722342985.5972753
DEBUG 2024-08-10 14:43:34,987 autoreload File C:\Users\theop\project_mediatheque\Lib\site-packages\django\core\files\__init__.py first seen with mtime 1722342985.6284182
DEBUG 2024-08-10 14:43:34,987 autoreload File C:\Program Files\WindowsApps\PythonSoftwareFoundation.Python.3.12_3.12.1520.0_x64__qbz5n2kfra8p0\Lib\asyncio\subprocess.py first seen with mtime 1722341993.1251094
DEBUG 2024-08-10 14:43:34,987 autoreload File C:\Users\theop\project_mediatheque\Lib\site-packages\django\contrib\__init__.py first seen with mtime 1722342966.7206502
DEBUG 2024-08-10 14:43:34,987 autoreload File C:\Users\theop\project_mediatheque\Lib\site-packages\django\contrib\auth\forms.py first seen with mtime 1722342972.2145422
DEBUG 2024-08-10 14:43:34,987 autoreload File C:\Users\theop\project_mediatheque\Lib\site-packages\django\utils\lorem_ipsum.py first seen with mtime 1722342987.6694036
DEBUG 2024-08-10 14:43:34,987 autoreload File C:\Users\theop\project_mediatheque\Lib\site-packages\django\utils\text.py first seen with mtime 1722342987.6915507
DEBUG 2024-08-10 14:43:34,987 autoreload File C:\Users\theop\project_mediatheque\Lib\site-packages\django\utils\autoreload.py first seen with mtime 1722342987.5545735
DEBUG 2024-08-10 14:43:34,987 autoreload File C:\Program Files\WindowsApps\PythonSoftwareFoundation.Python.3.12_3.12.1520.0_x64__qbz5n2kfra8p0\Lib\asyncio\constants.py first seen with mtime 1722341993.1129212
DEBUG 2024-08-10 14:43:34,987 autoreload File C:\Users\theop\project_mediatheque\Lib\site-packages\django\core\management\color.py first seen with mtime 1722342985.7645645
DEBUG 2024-08-10 14:43:34,987 autoreload File C:\Program Files\WindowsApps\PythonSoftwareFoundation.Python.3.12_3.12.1520.0_x64__qbz5n2kfra8p0\Lib\inspect.py first seen with mtime 1723024915.2991817
DEBUG 2024-08-10 14:43:34,987 autoreload File C:\Users\theop\project_mediatheque\Lib\site-packages\django\core\servers\__init__.py first seen with mtime 1722342985.9126713
DEBUG 2024-08-10 14:43:34,987 autoreload File C:\Users\theop\project_mediatheque\Lib\site-packages\django\forms\forms.py first seen with mtime 1722342986.6685424
DEBUG 2024-08-10 14:43:34,987 autoreload File C:\Users\theop\project_mediatheque\Lib\site-packages\django\db\models\expressions.py first seen with mtime 1722342986.3985388
DEBUG 2024-08-10 14:43:34,987 autoreload File C:\Users\theop\project_mediatheque\Lib\site-packages\django\core\files\utils.py first seen with mtime 1722342985.660134
DEBUG 2024-08-10 14:43:34,987 autoreload File C:\Users\theop\project_mediatheque\Lib\site-packages\django\views\decorators\cache.py first seen with mtime 1722342987.7817612
DEBUG 2024-08-10 14:43:34,987 autoreload File C:\Users\theop\project_mediatheque\Lib\site-packages\django\contrib\sessions\exceptions.py first seen with mtime 1722342982.5439744
DEBUG 2024-08-10 14:43:34,987 autoreload File C:\Program Files\WindowsApps\PythonSoftwareFoundation.Python.3.12_3.12.1520.0_x64__qbz5n2kfra8p0\DLLs\_ctypes.pyd first seen with mtime 1723024858.416503
DEBUG 2024-08-10 14:43:34,987 autoreload File C:\Users\theop\project_mediatheque\django_mediatheque\__init__.py first seen with mtime 1722343459.080825
DEBUG 2024-08-10 14:43:34,987 autoreload File C:\Program Files\WindowsApps\PythonSoftwareFoundation.Python.3.12_3.12.1520.0_x64__qbz5n2kfra8p0\DLLs\_overlapped.pyd first seen with mtime 1723024858.4521875
DEBUG 2024-08-10 14:43:34,987 autoreload File C:\Users\theop\project_mediatheque\Lib\site-packages\django\core\management\commands\__init__.py first seen with mtime 1722342985.7796123
DEBUG 2024-08-10 14:43:34,987 autoreload File C:\Users\theop\project_mediatheque\Lib\site-packages\django\core\checks\files.py first seen with mtime 1722342985.5782845
DEBUG 2024-08-10 14:43:34,987 autoreload File C:\Users\theop\project_mediatheque\Lib\site-packages\django\db\backends\sqlite3\operations.py first seen with mtime 1722342986.2140796
DEBUG 2024-08-10 14:43:34,987 autoreload File C:\Users\theop\project_mediatheque\Lib\site-packages\django\db\models\sql\query.py first seen with mtime 1722342986.6176856
DEBUG 2024-08-10 14:43:34,987 autoreload File C:\Program Files\WindowsApps\PythonSoftwareFoundation.Python.3.12_3.12.1520.0_x64__qbz5n2kfra8p0\Lib\gettext.py first seen with mtime 1722342017.591071
DEBUG 2024-08-10 14:43:34,987 autoreload File C:\Users\theop\project_mediatheque\Lib\site-packages\sqlparse\filters\__init__.py first seen with mtime 1722342964.1192853
DEBUG 2024-08-10 14:43:34,987 autoreload File C:\Users\theop\project_mediatheque\Lib\site-packages\django\contrib\contenttypes\apps.py first seen with mtime 1722342973.9094205
DEBUG 2024-08-10 14:43:34,987 autoreload File C:\Program Files\WindowsApps\PythonSoftwareFoundation.Python.3.12_3.12.1520.0_x64__qbz5n2kfra8p0\Lib\json\encoder.py first seen with mtime 1722342056.8124413
DEBUG 2024-08-10 14:43:34,987 autoreload File C:\Users\theop\project_mediatheque\Lib\site-packages\django\utils\termcolors.py first seen with mtime 1722342987.687389
DEBUG 2024-08-10 14:43:34,987 autoreload File C:\Users\theop\project_mediatheque\Lib\site-packages\django\core\checks\security\sessions.py first seen with mtime 1722342985.6244085
DEBUG 2024-08-10 14:43:34,987 autoreload File C:\Users\theop\project_mediatheque\Lib\site-packages\django\core\checks\messages.py first seen with mtime 1722342985.5818448
DEBUG 2024-08-10 14:43:34,987 autoreload File C:\Users\theop\project_mediatheque\Lib\site-packages\django\middleware\security.py first seen with mtime 1722342987.3191862
DEBUG 2024-08-10 14:43:34,987 autoreload File C:\Users\theop\project_mediatheque\Lib\site-packages\django\core\serializers\python.py first seen with mtime 1722342985.892376
DEBUG 2024-08-10 14:43:34,987 autoreload File C:\Program Files\WindowsApps\PythonSoftwareFoundation.Python.3.12_3.12.1520.0_x64__qbz5n2kfra8p0\Lib\nturl2path.py first seen with mtime 1722342057.1359015
DEBUG 2024-08-10 14:43:34,987 autoreload File C:\Program Files\WindowsApps\PythonSoftwareFoundation.Python.3.12_3.12.1520.0_x64__qbz5n2kfra8p0\Lib\urllib\parse.py first seen with mtime 1722342090.174605
DEBUG 2024-08-10 14:43:34,987 autoreload File C:\Users\theop\project_mediatheque\Lib\site-packages\django\db\migrations\operations\models.py first seen with mtime 1722342986.349226
DEBUG 2024-08-10 14:43:34,987 autoreload File C:\Users\theop\project_mediatheque\Lib\site-packages\django\dispatch\__init__.py first seen with mtime 1722342986.6404989
DEBUG 2024-08-10 14:43:34,987 autoreload File C:\Program Files\WindowsApps\PythonSoftwareFoundation.Python.3.12_3.12.1520.0_x64__qbz5n2kfra8p0\Lib\re\__init__.py first seen with mtime 1722342057.1990108
DEBUG 2024-08-10 14:43:35,003 autoreload File C:\Users\theop\project_mediatheque\django_mediatheque\gestion\admin.py first seen with mtime 1723035422.626237
DEBUG 2024-08-10 14:43:35,003 autoreload File C:\Program Files\WindowsApps\PythonSoftwareFoundation.Python.3.12_3.12.1520.0_x64__qbz5n2kfra8p0\Lib\email\iterators.py first seen with mtime 1722341993.2912385
DEBUG 2024-08-10 14:43:35,003 autoreload File C:\Program Files\WindowsApps\PythonSoftwareFoundation.Python.3.12_3.12.1520.0_x64__qbz5n2kfra8p0\Lib\calendar.py first seen with mtime 1723024880.3404732
DEBUG 2024-08-10 14:43:35,005 autoreload File C:\Users\theop\project_mediatheque\Lib\site-packages\django\utils\translation\reloader.py first seen with mtime 1722342987.729115
DEBUG 2024-08-10 14:43:35,005 autoreload File C:\Users\theop\project_mediatheque\Lib\site-packages\django\contrib\admin\templatetags\__init__.py first seen with mtime 1722342970.7648492
DEBUG 2024-08-10 14:43:35,005 autoreload File C:\Users\theop\project_mediatheque\Lib\site-packages\django\templatetags\__init__.py first seen with mtime 1722342987.4474144
DEBUG 2024-08-10 14:43:35,005 autoreload File C:\Users\theop\project_mediatheque\Lib\site-packages\django\contrib\auth\__init__.py first seen with mtime 1722342972.1559289
DEBUG 2024-08-10 14:43:35,005 autoreload File C:\Users\theop\project_mediatheque\Lib\site-packages\django\contrib\sessions\apps.py first seen with mtime 1722342982.5352666
DEBUG 2024-08-10 14:43:35,005 autoreload File C:\Program Files\WindowsApps\PythonSoftwareFoundation.Python.3.12_3.12.1520.0_x64__qbz5n2kfra8p0\Lib\asyncio\selector_events.py first seen with mtime 1722341993.1220891
DEBUG 2024-08-10 14:43:35,005 autoreload File C:\Program Files\WindowsApps\PythonSoftwareFoundation.Python.3.12_3.12.1520.0_x64__qbz5n2kfra8p0\Lib\copy.py first seen with mtime 1722341993.2314794
DEBUG 2024-08-10 14:43:35,005 autoreload File C:\Users\theop\project_mediatheque\Lib\site-packages\django\utils\safestring.py first seen with mtime 1722342987.6843565
DEBUG 2024-08-10 14:43:35,005 autoreload File C:\Users\theop\project_mediatheque\Lib\site-packages\django\contrib\sessions\__init__.py first seen with mtime 1722342982.5288813
DEBUG 2024-08-10 14:43:35,005 autoreload File C:\Users\theop\project_mediatheque\Lib\site-packages\django\contrib\auth\apps.py first seen with mtime 1722342972.1654718
DEBUG 2024-08-10 14:43:35,005 autoreload File C:\Program Files\WindowsApps\PythonSoftwareFoundation.Python.3.12_3.12.1520.0_x64__qbz5n2kfra8p0\Lib\selectors.py first seen with mtime 1722342057.224533
DEBUG 2024-08-10 14:43:35,005 autoreload File C:\Users\theop\project_mediatheque\Lib\site-packages\django\contrib\messages\api.py first seen with mtime 1722342980.567858
DEBUG 2024-08-10 14:43:35,005 autoreload File C:\Users\theop\project_mediatheque\Lib\site-packages\sqlparse\tokens.py first seen with mtime 1722342964.0918262
DEBUG 2024-08-10 14:43:35,005 autoreload File C:\Program Files\WindowsApps\PythonSoftwareFoundation.Python.3.12_3.12.1520.0_x64__qbz5n2kfra8p0\Lib\tokenize.py first seen with mtime 1722342090.065889
DEBUG 2024-08-10 14:43:35,005 autoreload File C:\Users\theop\project_mediatheque\Lib\site-packages\sqlparse\filters\others.py first seen with mtime 1722342964.1272101
DEBUG 2024-08-10 14:43:35,005 autoreload File C:\Users\theop\project_mediatheque\Lib\site-packages\django\core\files\storage\handler.py first seen with mtime 1722342985.6764488
DEBUG 2024-08-10 14:43:35,005 autoreload File C:\Program Files\WindowsApps\PythonSoftwareFoundation.Python.3.12_3.12.1520.0_x64__qbz5n2kfra8p0\Lib\concurrent\futures\__init__.py first seen with mtime 1723024880.3555572
DEBUG 2024-08-10 14:43:35,005 autoreload File C:\Users\theop\project_mediatheque\Lib\site-packages\django\db\models\fields\generated.py first seen with mtime 1722342986.484545
DEBUG 2024-08-10 14:43:35,005 autoreload File C:\Program Files\WindowsApps\PythonSoftwareFoundation.Python.3.12_3.12.1520.0_x64__qbz5n2kfra8p0\Lib\multiprocessing\reduction.py first seen with mtime 1722342057.0737717
DEBUG 2024-08-10 14:43:35,005 autoreload File C:\Users\theop\project_mediatheque\Lib\site-packages\django\views\generic\__init__.py first seen with mtime 1722342987.8212082
DEBUG 2024-08-10 14:43:35,005 autoreload File C:\Users\theop\project_mediatheque\Lib\site-packages\django\core\files\uploadedfile.py first seen with mtime 1722342985.6531374
DEBUG 2024-08-10 14:43:35,005 autoreload File C:\Users\theop\project_mediatheque\Lib\site-packages\sqlparse\engine\statement_splitter.py first seen with mtime 1722342964.1153429
DEBUG 2024-08-10 14:43:35,005 autoreload File C:\Program Files\WindowsApps\PythonSoftwareFoundation.Python.3.12_3.12.1520.0_x64__qbz5n2kfra8p0\Lib\asyncio\sslproto.py first seen with mtime 1722341993.1220891
DEBUG 2024-08-10 14:43:35,005 autoreload File C:\Program Files\WindowsApps\PythonSoftwareFoundation.Python.3.12_3.12.1520.0_x64__qbz5n2kfra8p0\Lib\email\_encoded_words.py first seen with mtime 1722342005.3214214
DEBUG 2024-08-10 14:43:35,005 autoreload File C:\Users\theop\project_mediatheque\django_mediatheque\gestion\models.py first seen with mtime 1723119975.9598548
DEBUG 2024-08-10 14:43:35,005 autoreload File C:\Program Files\WindowsApps\PythonSoftwareFoundation.Python.3.12_3.12.1520.0_x64__qbz5n2kfra8p0\Lib\html\parser.py first seen with mtime 1722342017.5967982
DEBUG 2024-08-10 14:43:35,018 autoreload File C:\Users\theop\project_mediatheque\django_mediatheque\models.py first seen with mtime 1723035527.9537444
DEBUG 2024-08-10 14:43:35,018 autoreload File C:\Program Files\WindowsApps\PythonSoftwareFoundation.Python.3.12_3.12.1520.0_x64__qbz5n2kfra8p0\Lib\asyncio\transports.py first seen with mtime 1722341993.1303616
DEBUG 2024-08-10 14:43:35,018 autoreload File C:\Program Files\WindowsApps\PythonSoftwareFoundation.Python.3.12_3.12.1520.0_x64__qbz5n2kfra8p0\Lib\asyncio\log.py first seen with mtime 1722341993.1170871
DEBUG 2024-08-10 14:43:35,018 autoreload File C:\Program Files\WindowsApps\PythonSoftwareFoundation.Python.3.12_3.12.1520.0_x64__qbz5n2kfra8p0\Lib\textwrap.py first seen with mtime 1722342083.5209243
DEBUG 2024-08-10 14:43:35,018 autoreload File C:\Users\theop\project_mediatheque\Lib\site-packages\django\utils\html.py first seen with mtime 1722342987.630835
DEBUG 2024-08-10 14:43:35,018 autoreload File C:\Users\theop\project_mediatheque\django_mediatheque\gestion\__init__.py first seen with mtime 1723035422.6465082
DEBUG 2024-08-10 14:43:35,018 autoreload File C:\Users\theop\project_mediatheque\Lib\site-packages\django\db\models\functions\datetime.py first seen with mtime 1722342986.55359
DEBUG 2024-08-10 14:43:35,018 autoreload File C:\Users\theop\project_mediatheque\Lib\site-packages\django\db\models\manager.py first seen with mtime 1722342986.4238956
DEBUG 2024-08-10 14:43:35,018 autoreload File C:\Users\theop\project_mediatheque\Lib\site-packages\django\template\utils.py first seen with mtime 1722342987.3961475
DEBUG 2024-08-10 14:43:35,018 autoreload File C:\Users\theop\project_mediatheque\Lib\site-packages\django\contrib\auth\password_validation.py first seen with mtime 1722342972.2417893
DEBUG 2024-08-10 14:43:35,018 autoreload File C:\Users\theop\project_mediatheque\Lib\site-packages\django\utils\deprecation.py first seen with mtime 1722342987.601043
DEBUG 2024-08-10 14:43:35,018 autoreload File C:\Users\theop\project_mediatheque\Lib\site-packages\django\utils\duration.py first seen with mtime 1722342987.604606
DEBUG 2024-08-10 14:43:35,018 autoreload File C:\Users\theop\project_mediatheque\django_mediatheque\gestion\forms.py first seen with mtime 1723223181.4898992
DEBUG 2024-08-10 14:43:35,018 autoreload File C:\Users\theop\project_mediatheque\Lib\site-packages\django\contrib\sites\requests.py first seen with mtime 1722342984.0313227
DEBUG 2024-08-10 14:43:35,018 autoreload File C:\Users\theop\project_mediatheque\Lib\site-packages\django\views\i18n.py first seen with mtime 1722342987.7685785
DEBUG 2024-08-10 14:43:35,018 autoreload File C:\Program Files\WindowsApps\PythonSoftwareFoundation.Python.3.12_3.12.1520.0_x64__qbz5n2kfra8p0\Lib\bisect.py first seen with mtime 1722341993.2071247
DEBUG 2024-08-10 14:43:35,018 autoreload File C:\Users\theop\project_mediatheque\Lib\site-packages\django\db\models\functions\text.py first seen with mtime 1722342986.5770652
DEBUG 2024-08-10 14:43:35,018 autoreload File C:\Users\theop\project_mediatheque\Lib\site-packages\django\utils\asyncio.py first seen with mtime 1722342987.5516605
DEBUG 2024-08-10 14:43:35,018 autoreload File C:\Program Files\WindowsApps\PythonSoftwareFoundation.Python.3.12_3.12.1520.0_x64__qbz5n2kfra8p0\Lib\socket.py first seen with mtime 1723024971.905211
DEBUG 2024-08-10 14:43:35,018 autoreload File C:\Program Files\WindowsApps\PythonSoftwareFoundation.Python.3.12_3.12.1520.0_x64__qbz5n2kfra8p0\Lib\asyncio\futures.py first seen with mtime 1722341993.116086
DEBUG 2024-08-10 14:43:35,018 autoreload File C:\Program Files\WindowsApps\PythonSoftwareFoundation.Python.3.12_3.12.1520.0_x64__qbz5n2kfra8p0\Lib\asyncio\taskgroups.py first seen with mtime 1722341993.1273718
DEBUG 2024-08-10 14:43:35,018 autoreload File C:\Users\theop\project_mediatheque\Lib\site-packages\django\contrib\admin\__init__.py first seen with mtime 1722342966.7230973
DEBUG 2024-08-10 14:43:35,018 autoreload File C:\Program Files\WindowsApps\PythonSoftwareFoundation.Python.3.12_3.12.1520.0_x64__qbz5n2kfra8p0\Lib\encodings\aliases.py first seen with mtime 1722342005.3652525
DEBUG 2024-08-10 14:43:35,018 autoreload File C:\Program Files\WindowsApps\PythonSoftwareFoundation.Python.3.12_3.12.1520.0_x64__qbz5n2kfra8p0\Lib\asyncio\streams.py first seen with mtime 1722341993.1251094
DEBUG 2024-08-10 14:43:35,018 autoreload File C:\Users\theop\project_mediatheque\Lib\site-packages\django\forms\__init__.py first seen with mtime 1722342986.6532602
DEBUG 2024-08-10 14:43:35,018 autoreload File C:\Users\theop\project_mediatheque\Lib\site-packages\django\views\generic\list.py first seen with mtime 1722342987.8461351
DEBUG 2024-08-10 14:43:35,018 autoreload File C:\Program Files\WindowsApps\PythonSoftwareFoundation.Python.3.12_3.12.1520.0_x64__qbz5n2kfra8p0\Lib\sysconfig.py first seen with mtime 1722342083.5179255
DEBUG 2024-08-10 14:43:35,018 autoreload File C:\Program Files\WindowsApps\PythonSoftwareFoundation.Python.3.12_3.12.1520.0_x64__qbz5n2kfra8p0\Lib\asyncio\format_helpers.py first seen with mtime 1722341993.1149206
DEBUG 2024-08-10 14:43:35,018 autoreload File C:\Users\theop\project_mediatheque\Lib\site-packages\django\http\__init__.py first seen with mtime 1722342987.2442245
DEBUG 2024-08-10 14:43:35,018 autoreload File C:\Users\theop\project_mediatheque\Lib\site-packages\django\db\backends\base\operations.py first seen with mtime 1722342985.985283
DEBUG 2024-08-10 14:43:35,018 autoreload File C:\Users\theop\project_mediatheque\Lib\site-packages\django\contrib\admin\filters.py first seen with mtime 1722342966.7572587
DEBUG 2024-08-10 14:43:35,018 autoreload File C:\Users\theop\project_mediatheque\Lib\site-packages\django\contrib\messages\middleware.py first seen with mtime 1722342980.5835257
DEBUG 2024-08-10 14:43:35,018 autoreload File C:\Program Files\WindowsApps\PythonSoftwareFoundation.Python.3.12_3.12.1520.0_x64__qbz5n2kfra8p0\Lib\glob.py first seen with mtime 1722342017.5920773
DEBUG 2024-08-10 14:43:35,018 autoreload File C:\Program Files\WindowsApps\PythonSoftwareFoundation.Python.3.12_3.12.1520.0_x64__qbz5n2kfra8p0\Lib\copyreg.py first seen with mtime 1722341993.2314794
DEBUG 2024-08-10 14:43:35,034 autoreload File C:\Program Files\WindowsApps\PythonSoftwareFoundation.Python.3.12_3.12.1520.0_x64__qbz5n2kfra8p0\Lib\platform.py first seen with mtime 1722342057.1523125
DEBUG 2024-08-10 14:43:35,034 autoreload File C:\Users\theop\project_mediatheque\Lib\site-packages\django\template\base.py first seen with mtime 1722342987.33175
DEBUG 2024-08-10 14:43:35,034 autoreload File C:\Users\theop\project_mediatheque\Lib\site-packages\sqlparse\filters\right_margin.py first seen with mtime 1722342964.1427193
DEBUG 2024-08-10 14:43:35,034 autoreload File C:\Program Files\WindowsApps\PythonSoftwareFoundation.Python.3.12_3.12.1520.0_x64__qbz5n2kfra8p0\Lib\asyncio\runners.py first seen with mtime 1722341993.1210873
DEBUG 2024-08-10 14:43:35,034 autoreload File C:\Users\theop\project_mediatheque\Lib\site-packages\sqlparse\exceptions.py first seen with mtime 1722342964.0622535
DEBUG 2024-08-10 14:43:35,034 autoreload File C:\Program Files\WindowsApps\PythonSoftwareFoundation.Python.3.12_3.12.1520.0_x64__qbz5n2kfra8p0\Lib\asyncio\protocols.py first seen with mtime 1722341993.1191063
DEBUG 2024-08-10 14:43:35,034 autoreload File C:\Program Files\WindowsApps\PythonSoftwareFoundation.Python.3.12_3.12.1520.0_x64__qbz5n2kfra8p0\Lib\_weakrefset.py first seen with mtime 1722342095.977964
DEBUG 2024-08-10 14:43:35,034 autoreload File C:\Users\theop\project_mediatheque\Lib\site-packages\django\contrib\staticfiles\apps.py first seen with mtime 1722342985.3983088
DEBUG 2024-08-10 14:43:35,034 autoreload File C:\Users\theop\project_mediatheque\Lib\site-packages\django\db\models\utils.py first seen with mtime 1722342986.4633286
DEBUG 2024-08-10 14:43:35,034 autoreload File C:\Users\theop\project_mediatheque\Lib\site-packages\django\views\decorators\csrf.py first seen with mtime 1722342987.7993073
DEBUG 2024-08-10 14:43:35,034 autoreload File C:\Users\theop\project_mediatheque\Lib\site-packages\django\db\transaction.py first seen with mtime 1722342985.9241416
DEBUG 2024-08-10 14:43:35,034 autoreload File C:\Users\theop\project_mediatheque\Lib\site-packages\django\core\cache\__init__.py first seen with mtime 1722342985.508376
DEBUG 2024-08-10 14:43:35,034 autoreload File C:\Users\theop\project_mediatheque\Lib\site-packages\django\contrib\auth\tokens.py first seen with mtime 1722342972.253243
DEBUG 2024-08-10 14:43:35,034 autoreload File C:\Users\theop\project_mediatheque\Lib\site-packages\django\db\backends\base\validation.py first seen with mtime 1722342985.9974773
DEBUG 2024-08-10 14:43:35,034 autoreload File C:\Users\theop\project_mediatheque\Lib\site-packages\django\utils\translation\__init__.py first seen with mtime 1722342987.7241156
DEBUG 2024-08-10 14:43:35,034 autoreload File C:\Users\theop\project_mediatheque\Lib\site-packages\django\utils\version.py first seen with mtime 1722342987.7112656
DEBUG 2024-08-10 14:43:35,034 autoreload File C:\Users\theop\project_mediatheque\Lib\site-packages\django\urls\base.py first seen with mtime 1722342987.513445
DEBUG 2024-08-10 14:43:35,034 autoreload File C:\Program Files\WindowsApps\PythonSoftwareFoundation.Python.3.12_3.12.1520.0_x64__qbz5n2kfra8p0\Lib\contextvars.py first seen with mtime 1722341993.23048
DEBUG 2024-08-10 14:43:35,034 autoreload File C:\Users\theop\project_mediatheque\Lib\site-packages\django\views\decorators\common.py first seen with mtime 1722342987.7963412
DEBUG 2024-08-10 14:43:35,034 autoreload File C:\Users\theop\project_mediatheque\Lib\site-packages\django\__init__.py first seen with mtime 1722342964.5505335
DEBUG 2024-08-10 14:43:35,034 autoreload File C:\Users\theop\project_mediatheque\Lib\site-packages\django\contrib\auth\decorators.py first seen with mtime 1722342972.2099268
DEBUG 2024-08-10 14:43:35,034 autoreload File C:\Program Files\WindowsApps\PythonSoftwareFoundation.Python.3.12_3.12.1520.0_x64__qbz5n2kfra8p0\Lib\signal.py first seen with mtime 1722342057.2276812
DEBUG 2024-08-10 14:43:35,034 autoreload File C:\Users\theop\project_mediatheque\Lib\site-packages\django\urls\exceptions.py first seen with mtime 1722342987.5240278
DEBUG 2024-08-10 14:43:35,034 autoreload File C:\Program Files\WindowsApps\PythonSoftwareFoundation.Python.3.12_3.12.1520.0_x64__qbz5n2kfra8p0\Lib\sqlite3\dbapi2.py first seen with mtime 1722342083.5008037
DEBUG 2024-08-10 14:43:35,034 autoreload File C:\Users\theop\project_mediatheque\Lib\site-packages\django\utils\regex_helper.py first seen with mtime 1722342987.6797955
DEBUG 2024-08-10 14:43:35,034 autoreload File C:\Users\theop\project_mediatheque\django_mediatheque\manage.py first seen with mtime 1722343459.061976
DEBUG 2024-08-10 14:43:35,034 autoreload File C:\Users\theop\project_mediatheque\Lib\site-packages\django\contrib\staticfiles\checks.py first seen with mtime 1722342985.4027295
DEBUG 2024-08-10 14:43:35,034 autoreload File C:\Users\theop\project_mediatheque\Lib\site-packages\django\contrib\staticfiles\management\commands\__init__.py first seen with mtime 1722342985.439931
DEBUG 2024-08-10 14:43:35,034 autoreload File C:\Users\theop\project_mediatheque\Lib\site-packages\django\views\generic\edit.py first seen with mtime 1722342987.8410146
DEBUG 2024-08-10 14:43:35,034 autoreload File C:\Users\theop\project_mediatheque\Lib\site-packages\django\contrib\auth\validators.py first seen with mtime 1722342972.261241
DEBUG 2024-08-10 14:43:35,034 autoreload File C:\Program Files\WindowsApps\PythonSoftwareFoundation.Python.3.12_3.12.1520.0_x64__qbz5n2kfra8p0\Lib\shutil.py first seen with mtime 1722342057.2266815
DEBUG 2024-08-10 14:43:35,034 autoreload File C:\Users\theop\project_mediatheque\Lib\site-packages\django\forms\boundfield.py first seen with mtime 1722342986.657261
DEBUG 2024-08-10 14:43:35,034 autoreload File C:\Program Files\WindowsApps\PythonSoftwareFoundation.Python.3.12_3.12.1520.0_x64__qbz5n2kfra8p0\Lib\logging\__init__.py first seen with mtime 1722342057.0213091
DEBUG 2024-08-10 14:43:35,034 autoreload File C:\Users\theop\project_mediatheque\Lib\site-packages\django\db\models\sql\where.py first seen with mtime 1722342986.6314993
DEBUG 2024-08-10 14:43:35,034 autoreload File C:\Users\theop\project_mediatheque\Lib\site-packages\django\conf\locale\__init__.py first seen with mtime 1722342964.6119752
DEBUG 2024-08-10 14:43:35,034 autoreload File C:\Users\theop\project_mediatheque\Lib\site-packages\django\core\mail\utils.py first seen with mtime 1722342985.7179554
DEBUG 2024-08-10 14:43:35,034 autoreload File C:\Program Files\WindowsApps\PythonSoftwareFoundation.Python.3.12_3.12.1520.0_x64__qbz5n2kfra8p0\Lib\email\mime\text.py first seen with mtime 1722341993.2952466
DEBUG 2024-08-10 14:43:35,034 autoreload File C:\Users\theop\project_mediatheque\Lib\site-packages\django\db\migrations\operations\fields.py first seen with mtime 1722342986.3432348
DEBUG 2024-08-10 14:43:35,050 autoreload File C:\Program Files\WindowsApps\PythonSoftwareFoundation.Python.3.12_3.12.1520.0_x64__qbz5n2kfra8p0\DLLs\_bz2.pyd first seen with mtime 1723024858.4141161
DEBUG 2024-08-10 14:43:35,050 autoreload File C:\Users\theop\project_mediatheque\Lib\site-packages\django\contrib\admin\decorators.py first seen with mtime 1722342966.743759
DEBUG 2024-08-10 14:43:35,050 autoreload File C:\Program Files\WindowsApps\PythonSoftwareFoundation.Python.3.12_3.12.1520.0_x64__qbz5n2kfra8p0\Lib\asyncio\base_tasks.py first seen with mtime 1722341993.1129212
DEBUG 2024-08-10 14:43:35,050 autoreload File C:\Users\theop\project_mediatheque\Lib\site-packages\asgiref\current_thread_executor.py first seen with mtime 1722342964.3696802
DEBUG 2024-08-10 14:43:35,050 autoreload File C:\Program Files\WindowsApps\PythonSoftwareFoundation.Python.3.12_3.12.1520.0_x64__qbz5n2kfra8p0\Lib\urllib\error.py first seen with mtime 1722342090.1735995
DEBUG 2024-08-10 14:43:35,050 autoreload File C:\Users\theop\project_mediatheque\Lib\site-packages\django\utils\tree.py first seen with mtime 1722342987.7072694
DEBUG 2024-08-10 14:43:35,050 autoreload File C:\Users\theop\project_mediatheque\Lib\site-packages\django\core\checks\registry.py first seen with mtime 1722342985.589721
DEBUG 2024-08-10 14:43:35,050 autoreload File C:\Users\theop\project_mediatheque\Lib\site-packages\django\db\models\sql\subqueries.py first seen with mtime 1722342986.6271853
DEBUG 2024-08-10 14:43:35,050 autoreload File C:\Program Files\WindowsApps\PythonSoftwareFoundation.Python.3.12_3.12.1520.0_x64__qbz5n2kfra8p0\Lib\concurrent\futures\thread.py first seen with mtime 1722341993.219339
DEBUG 2024-08-10 14:43:35,050 autoreload File C:\Program Files\WindowsApps\PythonSoftwareFoundation.Python.3.12_3.12.1520.0_x64__qbz5n2kfra8p0\Lib\asyncio\exceptions.py first seen with mtime 1722341993.1149206
DEBUG 2024-08-10 14:43:35,050 autoreload File C:\Program Files\WindowsApps\PythonSoftwareFoundation.Python.3.12_3.12.1520.0_x64__qbz5n2kfra8p0\Lib\asyncio\trsock.py first seen with mtime 1722341993.1303616
DEBUG 2024-08-10 14:43:35,050 autoreload File C:\Users\theop\project_mediatheque\Lib\site-packages\django\db\migrations\exceptions.py first seen with mtime 1722342986.248034
DEBUG 2024-08-10 14:43:35,050 autoreload File C:\Users\theop\project_mediatheque\Lib\site-packages\django\db\backends\sqlite3\introspection.py first seen with mtime 1722342986.2086961
DEBUG 2024-08-10 14:43:35,050 autoreload File C:\Program Files\WindowsApps\PythonSoftwareFoundation.Python.3.12_3.12.1520.0_x64__qbz5n2kfra8p0\Lib\reprlib.py first seen with mtime 1722342057.1917572
DEBUG 2024-08-10 14:43:35,050 autoreload File C:\Users\theop\project_mediatheque\Lib\site-packages\django\contrib\sessions\base_session.py first seen with mtime 1722342982.5385664
DEBUG 2024-08-10 14:43:35,050 autoreload File C:\Users\theop\project_mediatheque\Lib\site-packages\django\contrib\auth\models.py first seen with mtime 1722342972.2363417
DEBUG 2024-08-10 14:43:35,050 autoreload File C:\Users\theop\project_mediatheque\Lib\site-packages\django\contrib\sessions\models.py first seen with mtime 1722342982.552199
DEBUG 2024-08-10 14:43:35,050 autoreload File C:\Users\theop\project_mediatheque\Lib\site-packages\django\urls\resolvers.py first seen with mtime 1722342987.5270803
DEBUG 2024-08-10 14:43:35,050 autoreload File C:\Users\theop\project_mediatheque\Lib\site-packages\django\contrib\auth\base_user.py first seen with mtime 1722342972.1844468
DEBUG 2024-08-10 14:43:35,050 autoreload File C:\Program Files\WindowsApps\PythonSoftwareFoundation.Python.3.12_3.12.1520.0_x64__qbz5n2kfra8p0\Lib\email\base64mime.py first seen with mtime 1722341993.287235
DEBUG 2024-08-10 14:43:35,050 autoreload File C:\Program Files\WindowsApps\PythonSoftwareFoundation.Python.3.12_3.12.1520.0_x64__qbz5n2kfra8p0\Lib\argparse.py first seen with mtime 1723024858.5727773
DEBUG 2024-08-10 14:43:35,050 autoreload File C:\Users\theop\project_mediatheque\Lib\site-packages\django\core\files\base.py first seen with mtime 1722342985.6317182
DEBUG 2024-08-10 14:43:35,050 autoreload File C:\Program Files\WindowsApps\PythonSoftwareFoundation.Python.3.12_3.12.1520.0_x64__qbz5n2kfra8p0\Lib\asyncio\windows_events.py first seen with mtime 1722341993.132349
DEBUG 2024-08-10 14:43:35,050 autoreload File C:\Program Files\WindowsApps\PythonSoftwareFoundation.Python.3.12_3.12.1520.0_x64__qbz5n2kfra8p0\Lib\ipaddress.py first seen with mtime 1723024915.302388
DEBUG 2024-08-10 14:43:35,050 autoreload File C:\Users\theop\project_mediatheque\Lib\site-packages\django\middleware\csrf.py first seen with mtime 1722342987.2958236
DEBUG 2024-08-10 14:43:35,050 autoreload File C:\Program Files\WindowsApps\PythonSoftwareFoundation.Python.3.12_3.12.1520.0_x64__qbz5n2kfra8p0\Lib\urllib\response.py first seen with mtime 1722342090.1768382
DEBUG 2024-08-10 14:43:35,050 autoreload File C:\Users\theop\project_mediatheque\Lib\site-packages\django\contrib\auth\middleware.py first seen with mtime 1722342972.2260516
DEBUG 2024-08-10 14:43:35,050 autoreload File C:\Users\theop\project_mediatheque\Lib\site-packages\django\utils\cache.py first seen with mtime 1722342987.5595806
DEBUG 2024-08-10 14:43:35,050 autoreload File C:\Users\theop\project_mediatheque\Lib\site-packages\django\core\checks\compatibility\django_4_0.py first seen with mtime 1722342985.609519
DEBUG 2024-08-10 14:43:35,050 autoreload File C:\Users\theop\project_mediatheque\Lib\site-packages\django\core\management\__init__.py first seen with mtime 1722342985.7551765
DEBUG 2024-08-10 14:43:35,050 autoreload File C:\Users\theop\project_mediatheque\Lib\site-packages\django\db\backends\base\schema.py first seen with mtime 1722342985.9922843
DEBUG 2024-08-10 14:43:35,050 autoreload File C:\Users\theop\project_mediatheque\Lib\site-packages\django\db\models\functions\math.py first seen with mtime 1722342986.5595262
DEBUG 2024-08-10 14:43:35,050 autoreload File C:\Users\theop\project_mediatheque\Lib\site-packages\django\db\models\sql\constants.py first seen with mtime 1722342986.6053038
DEBUG 2024-08-10 14:43:35,050 autoreload File C:\Program Files\WindowsApps\PythonSoftwareFoundation.Python.3.12_3.12.1520.0_x64__qbz5n2kfra8p0\DLLs\_ssl.pyd first seen with mtime 1723024858.4656694
DEBUG 2024-08-10 14:43:35,050 autoreload File C:\Program Files\WindowsApps\PythonSoftwareFoundation.Python.3.12_3.12.1520.0_x64__qbz5n2kfra8p0\Lib\wsgiref\__init__.py first seen with mtime 1722342090.2231257
DEBUG 2024-08-10 14:43:35,050 autoreload File C:\Users\theop\project_mediatheque\Lib\site-packages\django\forms\utils.py first seen with mtime 1722342986.6959736
DEBUG 2024-08-10 14:43:35,050 autoreload File C:\Users\theop\project_mediatheque\Lib\site-packages\django\contrib\messages\apps.py first seen with mtime 1722342980.5722919
DEBUG 2024-08-10 14:43:35,050 autoreload File C:\Users\theop\project_mediatheque\Lib\site-packages\django\utils\timesince.py first seen with mtime 1722342987.6955533
DEBUG 2024-08-10 14:43:35,065 autoreload File C:\Users\theop\project_mediatheque\Lib\site-packages\django\contrib\messages\storage\base.py first seen with mtime 1722342980.6023097
DEBUG 2024-08-10 14:43:35,065 autoreload File C:\Program Files\WindowsApps\PythonSoftwareFoundation.Python.3.12_3.12.1520.0_x64__qbz5n2kfra8p0\DLLs\_socket.pyd first seen with mtime 1723024858.457217
DEBUG 2024-08-10 14:43:35,065 autoreload File C:\Users\theop\project_mediatheque\Lib\site-packages\django\db\models\lookups.py first seen with mtime 1722342986.4145472
DEBUG 2024-08-10 14:43:35,065 autoreload File C:\Program Files\WindowsApps\PythonSoftwareFoundation.Python.3.12_3.12.1520.0_x64__qbz5n2kfra8p0\Lib\email\utils.py first seen with mtime 1723024880.4661233
DEBUG 2024-08-10 14:43:35,065 autoreload File C:\Users\theop\project_mediatheque\Lib\site-packages\django\db\models\indexes.py first seen with mtime 1722342986.4091797
DEBUG 2024-08-10 14:43:35,065 autoreload File C:\Users\theop\project_mediatheque\Lib\site-packages\django\db\backends\signals.py first seen with mtime 1722342985.946019
DEBUG 2024-08-10 14:43:35,065 autoreload File C:\Users\theop\project_mediatheque\Lib\site-packages\django\contrib\contenttypes\__init__.py first seen with mtime 1722342973.904261
DEBUG 2024-08-10 14:43:35,065 autoreload File C:\Users\theop\project_mediatheque\Lib\site-packages\django\core\handlers\asgi.py first seen with mtime 1722342985.6935081
DEBUG 2024-08-10 14:43:35,065 autoreload File C:\Users\theop\project_mediatheque\Lib\site-packages\django\template\backends\django.py first seen with mtime 1722342987.4060097
DEBUG 2024-08-10 14:43:35,065 autoreload File C:\Program Files\WindowsApps\PythonSoftwareFoundation.Python.3.12_3.12.1520.0_x64__qbz5n2kfra8p0\Lib\struct.py first seen with mtime 1722342083.514732
DEBUG 2024-08-10 14:43:35,065 autoreload File C:\Users\theop\project_mediatheque\Lib\site-packages\django\core\serializers\json.py first seen with mtime 1722342985.8870096
DEBUG 2024-08-10 14:43:35,065 autoreload File C:\Program Files\WindowsApps\PythonSoftwareFoundation.Python.3.12_3.12.1520.0_x64__qbz5n2kfra8p0\Lib\ssl.py first seen with mtime 1722342083.5107307
DEBUG 2024-08-10 14:43:35,065 autoreload File C:\Users\theop\project_mediatheque\Lib\site-packages\django\contrib\sites\__init__.py first seen with mtime 1722342983.991818
DEBUG 2024-08-10 14:43:35,065 autoreload File C:\Users\theop\project_mediatheque\Lib\site-packages\django\dispatch\dispatcher.py first seen with mtime 1722342986.643922
DEBUG 2024-08-10 14:43:35,065 autoreload File C:\Users\theop\project_mediatheque\Lib\site-packages\django\db\models\signals.py first seen with mtime 1722342986.4599788
DEBUG 2024-08-10 14:43:35,065 autoreload File C:\Users\theop\project_mediatheque\Lib\site-packages\django\template\smartif.py first seen with mtime 1722342987.3911483
DEBUG 2024-08-10 14:43:35,065 autoreload File C:\Users\theop\project_mediatheque\Lib\site-packages\django\template\library.py first seen with mtime 1722342987.3714025
DEBUG 2024-08-10 14:43:35,065 autoreload File C:\Users\theop\project_mediatheque\Lib\site-packages\sqlparse\engine\__init__.py first seen with mtime 1722342964.1010914
DEBUG 2024-08-10 14:43:35,065 autoreload File C:\Users\theop\project_mediatheque\Lib\site-packages\django\db\models\functions\window.py first seen with mtime 1722342986.5875661
DEBUG 2024-08-10 14:43:35,065 autoreload File C:\Program Files\WindowsApps\PythonSoftwareFoundation.Python.3.12_3.12.1520.0_x64__qbz5n2kfra8p0\Lib\threading.py first seen with mtime 1723024971.9263308
DEBUG 2024-08-10 14:43:35,065 autoreload File C:\Program Files\WindowsApps\PythonSoftwareFoundation.Python.3.12_3.12.1520.0_x64__qbz5n2kfra8p0\Lib\asyncio\mixins.py first seen with mtime 1722341993.1170871
DEBUG 2024-08-10 14:43:35,065 autoreload File C:\Users\theop\project_mediatheque\Lib\site-packages\django\utils\deconstruct.py first seen with mtime 1722342987.5941467
DEBUG 2024-08-10 14:43:35,065 autoreload File C:\Users\theop\project_mediatheque\Lib\site-packages\django\core\serializers\base.py first seen with mtime 1722342985.8830113
DEBUG 2024-08-10 14:43:35,065 autoreload File C:\Program Files\WindowsApps\PythonSoftwareFoundation.Python.3.12_3.12.1520.0_x64__qbz5n2kfra8p0\Lib\socketserver.py first seen with mtime 1722342083.5008037
DEBUG 2024-08-10 14:43:35,065 autoreload File C:\Program Files\WindowsApps\PythonSoftwareFoundation.Python.3.12_3.12.1520.0_x64__qbz5n2kfra8p0\Lib\re\_compiler.py first seen with mtime 1722342057.1957674
DEBUG 2024-08-10 14:43:35,065 autoreload File C:\Users\theop\project_mediatheque\Lib\site-packages\django\contrib\admin\views\__init__.py first seen with mtime 1722342970.7895086
DEBUG 2024-08-10 14:43:35,065 autoreload File C:\Users\theop\project_mediatheque\Lib\site-packages\django\core\checks\model_checks.py first seen with mtime 1722342985.5857127
DEBUG 2024-08-10 14:43:35,065 autoreload File C:\Users\theop\project_mediatheque\Lib\site-packages\django\db\models\__init__.py first seen with mtime 1722342986.365171
DEBUG 2024-08-10 14:43:35,065 autoreload File C:\Users\theop\project_mediatheque\Lib\site-packages\django\contrib\staticfiles\management\commands\runserver.py first seen with mtime 1722342985.451579
DEBUG 2024-08-10 14:43:35,065 autoreload File C:\Users\theop\project_mediatheque\Lib\site-packages\django\utils\dates.py first seen with mtime 1722342987.5906043
DEBUG 2024-08-10 14:43:35,065 autoreload File C:\Users\theop\project_mediatheque\Lib\site-packages\django\contrib\auth\checks.py first seen with mtime 1722342972.1896348
DEBUG 2024-08-10 14:43:35,081 autoreload File C:\Program Files\WindowsApps\PythonSoftwareFoundation.Python.3.12_3.12.1520.0_x64__qbz5n2kfra8p0\Lib\locale.py first seen with mtime 1722342057.017308
DEBUG 2024-08-10 14:43:35,081 autoreload File C:\Program Files\WindowsApps\PythonSoftwareFoundation.Python.3.12_3.12.1520.0_x64__qbz5n2kfra8p0\Lib\tempfile.py first seen with mtime 1722342083.5199249
DEBUG 2024-08-10 14:43:35,081 autoreload File C:\Users\theop\project_mediatheque\Lib\site-packages\django\core\handlers\__init__.py first seen with mtime 1722342985.6915863
DEBUG 2024-08-10 14:43:35,081 autoreload File C:\Users\theop\project_mediatheque\Lib\site-packages\django\middleware\common.py first seen with mtime 1722342987.290196
DEBUG 2024-08-10 14:43:35,081 autoreload File C:\Users\theop\project_mediatheque\Lib\site-packages\django\db\models\functions\comparison.py first seen with mtime 1722342986.5431414
DEBUG 2024-08-10 14:43:35,081 autoreload File C:\Program Files\WindowsApps\PythonSoftwareFoundation.Python.3.12_3.12.1520.0_x64__qbz5n2kfra8p0\Lib\keyword.py first seen with mtime 1722342056.8293061
DEBUG 2024-08-10 14:43:35,081 autoreload File C:\Users\theop\project_mediatheque\Lib\site-packages\django\contrib\messages\constants.py first seen with mtime 1722342980.5753107
DEBUG 2024-08-10 14:43:35,081 autoreload File C:\Program Files\WindowsApps\PythonSoftwareFoundation.Python.3.12_3.12.1520.0_x64__qbz5n2kfra8p0\Lib\heapq.py first seen with mtime 1722342017.5950704
DEBUG 2024-08-10 14:43:35,081 autoreload File C:\Program Files\WindowsApps\PythonSoftwareFoundation.Python.3.12_3.12.1520.0_x64__qbz5n2kfra8p0\Lib\hmac.py first seen with mtime 1722342017.5950704
DEBUG 2024-08-10 14:43:35,087 autoreload File C:\Users\theop\project_mediatheque\Lib\site-packages\django\contrib\sessions\backends\__init__.py first seen with mtime 1722342982.5602093
DEBUG 2024-08-10 14:43:35,087 autoreload File C:\Program Files\WindowsApps\PythonSoftwareFoundation.Python.3.12_3.12.1520.0_x64__qbz5n2kfra8p0\Lib\wsgiref\handlers.py first seen with mtime 1722342090.2191057
DEBUG 2024-08-10 14:43:35,087 autoreload File C:\Users\theop\project_mediatheque\Lib\site-packages\django\core\checks\caches.py first seen with mtime 1722342985.5639284
DEBUG 2024-08-10 14:43:35,087 autoreload File C:\Users\theop\project_mediatheque\Lib\site-packages\django\core\serializers\__init__.py first seen with mtime 1722342985.8784926
DEBUG 2024-08-10 14:43:35,087 autoreload File C:\Users\theop\project_mediatheque\Lib\site-packages\django\views\decorators\debug.py first seen with mtime 1722342987.8026633
DEBUG 2024-08-10 14:43:35,087 autoreload File C:\Program Files\WindowsApps\PythonSoftwareFoundation.Python.3.12_3.12.1520.0_x64__qbz5n2kfra8p0\Lib\email\mime\base.py first seen with mtime 1722341993.293236
DEBUG 2024-08-10 14:43:35,087 autoreload File C:\Users\theop\project_mediatheque\Lib\site-packages\django\contrib\admin\apps.py first seen with mtime 1722342966.730046
DEBUG 2024-08-10 14:43:35,087 autoreload File C:\Users\theop\project_mediatheque\Lib\site-packages\django\db\backends\__init__.py first seen with mtime 1722342985.933518
DEBUG 2024-08-10 14:43:35,087 autoreload File C:\Program Files\WindowsApps\PythonSoftwareFoundation.Python.3.12_3.12.1520.0_x64__qbz5n2kfra8p0\Lib\email\parser.py first seen with mtime 1722342005.318411
DEBUG 2024-08-10 14:43:35,087 autoreload File C:\Program Files\WindowsApps\PythonSoftwareFoundation.Python.3.12_3.12.1520.0_x64__qbz5n2kfra8p0\Lib\functools.py first seen with mtime 1723024900.8588336
DEBUG 2024-08-10 14:43:35,087 autoreload File C:\Users\theop\project_mediatheque\Lib\site-packages\django\forms\formsets.py first seen with mtime 1722342986.6739304
DEBUG 2024-08-10 14:43:35,087 autoreload File C:\Users\theop\project_mediatheque\Lib\site-packages\django\db\models\deletion.py first seen with mtime 1722342986.388054
DEBUG 2024-08-10 14:43:35,087 autoreload File C:\Users\theop\project_mediatheque\Lib\site-packages\django\core\checks\__init__.py first seen with mtime 1722342985.5533588
DEBUG 2024-08-10 14:43:35,087 autoreload File C:\Program Files\WindowsApps\PythonSoftwareFoundation.Python.3.12_3.12.1520.0_x64__qbz5n2kfra8p0\Lib\json\decoder.py first seen with mtime 1722342056.8114402
DEBUG 2024-08-10 14:43:35,087 autoreload File C:\Users\theop\project_mediatheque\Lib\site-packages\django\contrib\admin\views\main.py first seen with mtime 1722342970.8026404
DEBUG 2024-08-10 14:43:35,087 autoreload File C:\Users\theop\project_mediatheque\Lib\site-packages\django\core\__init__.py first seen with mtime 1722342985.465285
DEBUG 2024-08-10 14:43:35,087 autoreload File C:\Users\theop\project_mediatheque\Lib\site-packages\django\templatetags\cache.py first seen with mtime 1722342987.4493434
DEBUG 2024-08-10 14:43:35,087 autoreload File C:\Program Files\WindowsApps\PythonSoftwareFoundation.Python.3.12_3.12.1520.0_x64__qbz5n2kfra8p0\Lib\numbers.py first seen with mtime 1722342057.137064
DEBUG 2024-08-10 14:43:35,087 autoreload File C:\Users\theop\project_mediatheque\Lib\site-packages\django\template\backends\__init__.py first seen with mtime 1722342987.3992374
DEBUG 2024-08-10 14:43:35,087 autoreload File C:\Program Files\WindowsApps\PythonSoftwareFoundation.Python.3.12_3.12.1520.0_x64__qbz5n2kfra8p0\Lib\asyncio\windows_utils.py first seen with mtime 1722341993.133065
DEBUG 2024-08-10 14:43:35,087 autoreload File C:\Users\theop\project_mediatheque\Lib\site-packages\django\contrib\admin\templatetags\log.py first seen with mtime 1722342970.7844517
DEBUG 2024-08-10 14:43:35,087 autoreload File C:\Users\theop\project_mediatheque\Lib\site-packages\django\db\backends\sqlite3\schema.py first seen with mtime 1722342986.2235546
DEBUG 2024-08-10 14:43:35,087 autoreload File C:\Program Files\WindowsApps\PythonSoftwareFoundation.Python.3.12_3.12.1520.0_x64__qbz5n2kfra8p0\Lib\email\quoprimime.py first seen with mtime 1722342005.3193743
DEBUG 2024-08-10 14:43:35,087 autoreload File C:\Users\theop\project_mediatheque\Lib\site-packages\django\db\backends\base\creation.py first seen with mtime 1722342985.9665964
DEBUG 2024-08-10 14:43:35,087 autoreload File C:\Users\theop\project_mediatheque\Lib\site-packages\django\core\files\temp.py first seen with mtime 1722342985.6497846
DEBUG 2024-08-10 14:43:35,097 autoreload File C:\Program Files\WindowsApps\PythonSoftwareFoundation.Python.3.12_3.12.1520.0_x64__qbz5n2kfra8p0\Lib\encodings\cp1252.py first seen with mtime 1722342005.374446
DEBUG 2024-08-10 14:43:35,097 autoreload File C:\Program Files\WindowsApps\PythonSoftwareFoundation.Python.3.12_3.12.1520.0_x64__qbz5n2kfra8p0\Lib\types.py first seen with mtime 1722342090.133648
DEBUG 2024-08-10 14:43:35,097 autoreload File C:\Users\theop\project_mediatheque\Lib\site-packages\django\contrib\sessions\middleware.py first seen with mtime 1722342982.5489259
DEBUG 2024-08-10 14:43:35,097 autoreload File C:\Users\theop\project_mediatheque\Lib\site-packages\django\apps\registry.py first seen with mtime 1722342964.5757434
DEBUG 2024-08-10 14:43:35,097 autoreload File C:\Program Files\WindowsApps\PythonSoftwareFoundation.Python.3.12_3.12.1520.0_x64__qbz5n2kfra8p0\Lib\secrets.py first seen with mtime 1722342057.2235315
DEBUG 2024-08-10 14:43:35,097 autoreload File C:\Program Files\WindowsApps\PythonSoftwareFoundation.Python.3.12_3.12.1520.0_x64__qbz5n2kfra8p0\Lib\ctypes\wintypes.py first seen with mtime 1722341993.2508569
DEBUG 2024-08-10 14:43:35,097 autoreload File C:\Users\theop\project_mediatheque\Lib\site-packages\asgiref\__init__.py first seen with mtime 1722342964.357979
DEBUG 2024-08-10 14:43:35,097 autoreload File C:\Users\theop\project_mediatheque\Lib\site-packages\django\core\signing.py first seen with mtime 1722342985.485951
DEBUG 2024-08-10 14:43:35,097 autoreload File C:\Users\theop\project_mediatheque\Lib\site-packages\django\db\models\fields\reverse_related.py first seen with mtime 1722342986.5273025
DEBUG 2024-08-10 14:43:35,097 autoreload File C:\Program Files\WindowsApps\PythonSoftwareFoundation.Python.3.12_3.12.1520.0_x64__qbz5n2kfra8p0\Lib\queue.py first seen with mtime 1722342057.188752
DEBUG 2024-08-10 14:43:35,097 autoreload File C:\Program Files\WindowsApps\PythonSoftwareFoundation.Python.3.12_3.12.1520.0_x64__qbz5n2kfra8p0\Lib\traceback.py first seen with mtime 1722342090.0761466
DEBUG 2024-08-10 14:43:35,097 autoreload File C:\Users\theop\project_mediatheque\Lib\site-packages\django\db\models\fields\related.py first seen with mtime 1722342986.5067441
DEBUG 2024-08-10 14:43:35,097 autoreload File C:\Users\theop\project_mediatheque\Lib\site-packages\django\middleware\__init__.py first seen with mtime 1722342987.266688
DEBUG 2024-08-10 14:43:35,097 autoreload File C:\Users\theop\project_mediatheque\Lib\site-packages\django\urls\conf.py first seen with mtime 1722342987.5174453
DEBUG 2024-08-10 14:43:35,097 autoreload File C:\Users\theop\project_mediatheque\Lib\site-packages\django\core\files\storage\filesystem.py first seen with mtime 1722342985.672447
DEBUG 2024-08-10 14:43:35,097 autoreload File C:\Users\theop\project_mediatheque\Lib\site-packages\django\template\defaulttags.py first seen with mtime 1722342987.3560934
DEBUG 2024-08-10 14:43:35,097 autoreload File C:\Program Files\WindowsApps\PythonSoftwareFoundation.Python.3.12_3.12.1520.0_x64__qbz5n2kfra8p0\Lib\fractions.py first seen with mtime 1723024900.8558366
DEBUG 2024-08-10 14:43:35,105 autoreload File C:\Users\theop\project_mediatheque\Lib\site-packages\django\contrib\admin\templatetags\admin_modify.py first seen with mtime 1722342970.7720814
DEBUG 2024-08-10 14:43:35,105 autoreload File C:\Program Files\WindowsApps\PythonSoftwareFoundation.Python.3.12_3.12.1520.0_x64__qbz5n2kfra8p0\Lib\zoneinfo\_tzpath.py first seen with mtime 1722342095.9484763
DEBUG 2024-08-10 14:43:35,105 autoreload File C:\Users\theop\project_mediatheque\Lib\site-packages\django\utils\translation\trans_real.py first seen with mtime 1722342987.7415788
DEBUG 2024-08-10 14:43:35,105 autoreload File C:\Users\theop\project_mediatheque\Lib\site-packages\django\forms\fields.py first seen with mtime 1722342986.6625211
DEBUG 2024-08-10 14:43:35,105 autoreload File C:\Users\theop\project_mediatheque\Lib\site-packages\django\db\models\sql\datastructures.py first seen with mtime 1722342986.6082473
DEBUG 2024-08-10 14:43:35,105 autoreload File C:\Program Files\WindowsApps\PythonSoftwareFoundation.Python.3.12_3.12.1520.0_x64__qbz5n2kfra8p0\Lib\asyncio\coroutines.py first seen with mtime 1722341993.1139202
DEBUG 2024-08-10 14:43:35,105 autoreload File C:\Users\theop\project_mediatheque\Lib\site-packages\django\db\backends\sqlite3\features.py first seen with mtime 1722342986.2046394
DEBUG 2024-08-10 14:43:35,105 autoreload File C:\Users\theop\project_mediatheque\Lib\site-packages\django\utils\dateparse.py first seen with mtime 1722342987.5866024
DEBUG 2024-08-10 14:43:35,105 autoreload File C:\Users\theop\project_mediatheque\Lib\site-packages\django\template\loader.py first seen with mtime 1722342987.3784072
DEBUG 2024-08-10 14:43:35,105 autoreload File C:\Users\theop\project_mediatheque\Lib\site-packages\django\template\loaders\cached.py first seen with mtime 1722342987.43059
DEBUG 2024-08-10 14:43:35,105 autoreload File C:\Users\theop\project_mediatheque\Lib\site-packages\django\core\cache\backends\base.py first seen with mtime 1722342985.5205483
DEBUG 2024-08-10 14:43:35,105 autoreload File C:\Program Files\WindowsApps\PythonSoftwareFoundation.Python.3.12_3.12.1520.0_x64__qbz5n2kfra8p0\Lib\importlib\__init__.py first seen with mtime 1722342056.7924366
DEBUG 2024-08-10 14:43:35,105 autoreload File C:\Program Files\WindowsApps\PythonSoftwareFoundation.Python.3.12_3.12.1520.0_x64__qbz5n2kfra8p0\Lib\concurrent\__init__.py first seen with mtime 1722341993.2274787
DEBUG 2024-08-10 14:43:35,105 autoreload File C:\Program Files\WindowsApps\PythonSoftwareFoundation.Python.3.12_3.12.1520.0_x64__qbz5n2kfra8p0\Lib\weakref.py first seen with mtime 1722342090.2181034
DEBUG 2024-08-10 14:43:35,105 autoreload File C:\Users\theop\project_mediatheque\Lib\site-packages\asgiref\local.py first seen with mtime 1722342964.373888
DEBUG 2024-08-10 14:43:35,105 autoreload File C:\Users\theop\project_mediatheque\Lib\site-packages\django\utils\dateformat.py first seen with mtime 1722342987.5836024
DEBUG 2024-08-10 14:43:35,105 autoreload File C:\Program Files\WindowsApps\PythonSoftwareFoundation.Python.3.12_3.12.1520.0_x64__qbz5n2kfra8p0\Lib\pkgutil.py first seen with mtime 1722342057.1512885
DEBUG 2024-08-10 14:43:35,105 autoreload File C:\Users\theop\project_mediatheque\Lib\site-packages\django\contrib\auth\hashers.py first seen with mtime 1722342972.2195325
DEBUG 2024-08-10 14:43:35,105 autoreload File C:\Users\theop\project_mediatheque\Lib\site-packages\django\db\models\fields\json.py first seen with mtime 1722342986.4875457
DEBUG 2024-08-10 14:43:35,105 autoreload File C:\Program Files\WindowsApps\PythonSoftwareFoundation.Python.3.12_3.12.1520.0_x64__qbz5n2kfra8p0\DLLs\_decimal.pyd first seen with mtime 1723024858.4205003
DEBUG 2024-08-10 14:43:35,105 autoreload File C:\Program Files\WindowsApps\PythonSoftwareFoundation.Python.3.12_3.12.1520.0_x64__qbz5n2kfra8p0\Lib\email\contentmanager.py first seen with mtime 1722341993.2882354
DEBUG 2024-08-10 14:43:35,105 autoreload File C:\Program Files\WindowsApps\PythonSoftwareFoundation.Python.3.12_3.12.1520.0_x64__qbz5n2kfra8p0\Lib\asyncio\base_events.py first seen with mtime 1723024858.5778146
DEBUG 2024-08-10 14:43:35,113 autoreload File C:\Users\theop\project_mediatheque\Lib\site-packages\django\db\backends\sqlite3\creation.py first seen with mtime 1722342986.199267
DEBUG 2024-08-10 14:43:35,113 autoreload File C:\Program Files\WindowsApps\PythonSoftwareFoundation.Python.3.12_3.12.1520.0_x64__qbz5n2kfra8p0\Lib\importlib\_abc.py first seen with mtime 1722342056.790437
DEBUG 2024-08-10 14:43:35,113 autoreload File C:\Program Files\WindowsApps\PythonSoftwareFoundation.Python.3.12_3.12.1520.0_x64__qbz5n2kfra8p0\Lib\sqlite3\__init__.py first seen with mtime 1722342083.5018044
DEBUG 2024-08-10 14:43:35,113 autoreload File C:\Users\theop\project_mediatheque\Lib\site-packages\django\conf\__init__.py first seen with mtime 1722342964.5820055
DEBUG 2024-08-10 14:43:35,113 autoreload File C:\Users\theop\project_mediatheque\Lib\site-packages\django\db\models\query.py first seen with mtime 1722342986.4427187
DEBUG 2024-08-10 14:43:35,113 autoreload File C:\Users\theop\project_mediatheque\Lib\site-packages\django\templatetags\l10n.py first seen with mtime 1722342987.4588077
DEBUG 2024-08-10 14:43:35,113 autoreload File C:\Users\theop\project_mediatheque\Lib\site-packages\django\core\mail\message.py first seen with mtime 1722342985.7139518
DEBUG 2024-08-10 14:43:35,113 autoreload File C:\Users\theop\project_mediatheque\Lib\site-packages\django\template\loaders\app_directories.py first seen with mtime 1722342987.4234989
DEBUG 2024-08-10 14:43:35,113 autoreload File C:\Users\theop\project_mediatheque\Lib\site-packages\django\contrib\contenttypes\views.py first seen with mtime 1722342973.9492593
DEBUG 2024-08-10 14:43:35,113 autoreload File C:\Users\theop\project_mediatheque\Lib\site-packages\django\utils\functional.py first seen with mtime 1722342987.6238265
DEBUG 2024-08-10 14:43:35,113 autoreload File C:\Users\theop\project_mediatheque\django_mediatheque\gestion\views.py first seen with mtime 1723293795.9462905
DEBUG 2024-08-10 14:43:35,113 autoreload File C:\Users\theop\project_mediatheque\Lib\site-packages\django\core\servers\basehttp.py first seen with mtime 1722342985.9156818
DEBUG 2024-08-10 14:43:35,113 autoreload File C:\Program Files\WindowsApps\PythonSoftwareFoundation.Python.3.12_3.12.1520.0_x64__qbz5n2kfra8p0\DLLs\unicodedata.pyd first seen with mtime 1723024858.381447
DEBUG 2024-08-10 14:43:35,113 autoreload File C:\Users\theop\project_mediatheque\Lib\site-packages\django\db\models\constraints.py first seen with mtime 1722342986.3830557
DEBUG 2024-08-10 14:43:35,113 autoreload File C:\Users\theop\project_mediatheque\Lib\site-packages\sqlparse\engine\grouping.py first seen with mtime 1722342964.108748
DEBUG 2024-08-10 14:43:35,113 autoreload File C:\Users\theop\project_mediatheque\Lib\site-packages\django\db\migrations\utils.py first seen with mtime 1722342986.3154945
DEBUG 2024-08-10 14:43:35,113 autoreload File C:\Users\theop\project_mediatheque\Lib\site-packages\django\shortcuts.py first seen with mtime 1722342964.5620496
DEBUG 2024-08-10 14:43:35,113 autoreload File C:\Users\theop\project_mediatheque\Lib\site-packages\asgiref\sync.py first seen with mtime 1722342964.3856456
DEBUG 2024-08-10 14:43:35,113 autoreload File C:\Users\theop\project_mediatheque\Lib\site-packages\django\middleware\cache.py first seen with mtime 1722342987.2686858
DEBUG 2024-08-10 14:43:35,113 autoreload File C:\Program Files\WindowsApps\PythonSoftwareFoundation.Python.3.12_3.12.1520.0_x64__qbz5n2kfra8p0\Lib\email\message.py first seen with mtime 1722341993.2912385
DEBUG 2024-08-10 14:43:35,113 autoreload File C:\Users\theop\project_mediatheque\Lib\site-packages\django\utils\encoding.py first seen with mtime 1722342987.6119223
DEBUG 2024-08-10 14:43:35,113 autoreload File C:\Program Files\WindowsApps\PythonSoftwareFoundation.Python.3.12_3.12.1520.0_x64__qbz5n2kfra8p0\Lib\http\server.py first seen with mtime 1722342017.6163673
DEBUG 2024-08-10 14:43:35,113 autoreload File C:\Program Files\WindowsApps\PythonSoftwareFoundation.Python.3.12_3.12.1520.0_x64__qbz5n2kfra8p0\Lib\asyncio\queues.py first seen with mtime 1722341993.12009
DEBUG 2024-08-10 14:43:35,113 autoreload File C:\Users\theop\project_mediatheque\Lib\site-packages\django\template\__init__.py first seen with mtime 1722342987.3236895
DEBUG 2024-08-10 14:43:35,113 autoreload File C:\Users\theop\project_mediatheque\Lib\site-packages\django\template\autoreload.py first seen with mtime 1722342987.3266873
DEBUG 2024-08-10 14:43:35,113 autoreload File C:\Users\theop\project_mediatheque\Lib\site-packages\django\utils\crypto.py first seen with mtime 1722342987.5719452
DEBUG 2024-08-10 14:43:35,113 autoreload File C:\Program Files\WindowsApps\PythonSoftwareFoundation.Python.3.12_3.12.1520.0_x64__qbz5n2kfra8p0\Lib\base64.py first seen with mtime 1722341993.2024872
DEBUG 2024-08-10 14:43:35,113 autoreload File C:\Users\theop\project_mediatheque\Lib\site-packages\django\utils\ipv6.py first seen with mtime 1722342987.6485674
DEBUG 2024-08-10 14:43:35,113 autoreload File C:\Program Files\WindowsApps\PythonSoftwareFoundation.Python.3.12_3.12.1520.0_x64__qbz5n2kfra8p0\Lib\email\mime\nonmultipart.py first seen with mtime 1722341993.2942357
DEBUG 2024-08-10 14:43:35,113 autoreload File C:\Program Files\WindowsApps\PythonSoftwareFoundation.Python.3.12_3.12.1520.0_x64__qbz5n2kfra8p0\Lib\contextlib.py first seen with mtime 1722341993.23048
DEBUG 2024-08-10 14:43:35,113 autoreload File C:\Program Files\WindowsApps\PythonSoftwareFoundation.Python.3.12_3.12.1520.0_x64__qbz5n2kfra8p0\Lib\json\scanner.py first seen with mtime 1722342056.816642
DEBUG 2024-08-10 14:43:35,113 autoreload File C:\Program Files\WindowsApps\PythonSoftwareFoundation.Python.3.12_3.12.1520.0_x64__qbz5n2kfra8p0\Lib\wsgiref\simple_server.py first seen with mtime 1722342090.2211072
DEBUG 2024-08-10 14:43:35,113 autoreload File C:\Users\theop\project_mediatheque\Lib\site-packages\django\contrib\staticfiles\utils.py first seen with mtime 1722342985.429478
DEBUG 2024-08-10 14:43:35,113 autoreload File C:\Program Files\WindowsApps\PythonSoftwareFoundation.Python.3.12_3.12.1520.0_x64__qbz5n2kfra8p0\Lib\_markupbase.py first seen with mtime 1722342095.9656537
DEBUG 2024-08-10 14:43:35,113 autoreload File C:\Users\theop\project_mediatheque\Lib\site-packages\django\templatetags\static.py first seen with mtime 1722342987.462251
DEBUG 2024-08-10 14:43:35,113 autoreload File C:\Users\theop\project_mediatheque\Lib\site-packages\django\contrib\staticfiles\finders.py first seen with mtime 1722342985.4061263
DEBUG 2024-08-10 14:43:35,113 autoreload File C:\Users\theop\project_mediatheque\django_mediatheque\gestion\apps.py first seen with mtime 1723035422.626237
DEBUG 2024-08-10 14:43:35,129 autoreload File C:\Program Files\WindowsApps\PythonSoftwareFoundation.Python.3.12_3.12.1520.0_x64__qbz5n2kfra8p0\Lib\re\_constants.py first seen with mtime 1722342057.1970124
DEBUG 2024-08-10 14:43:35,129 autoreload File C:\Program Files\WindowsApps\PythonSoftwareFoundation.Python.3.12_3.12.1520.0_x64__qbz5n2kfra8p0\Lib\quopri.py first seen with mtime 1722342057.189751
DEBUG 2024-08-10 14:43:35,129 autoreload File C:\Users\theop\project_mediatheque\Lib\site-packages\django\db\models\fields\files.py first seen with mtime 1722342986.4785233
DEBUG 2024-08-10 14:43:35,129 autoreload File C:\Users\theop\project_mediatheque\Lib\site-packages\django\db\backends\base\client.py first seen with mtime 1722342985.962705
DEBUG 2024-08-10 14:43:35,129 autoreload File C:\Users\theop\project_mediatheque\Lib\site-packages\django\utils\decorators.py first seen with mtime 1722342987.5970452
DEBUG 2024-08-10 14:43:35,129 autoreload File C:\Program Files\WindowsApps\PythonSoftwareFoundation.Python.3.12_3.12.1520.0_x64__qbz5n2kfra8p0\Lib\email\mime\__init__.py first seen with mtime 1723024805.568657
DEBUG 2024-08-10 14:43:35,129 autoreload File C:\Users\theop\project_mediatheque\Lib\site-packages\django\contrib\admin\exceptions.py first seen with mtime 1722342966.7478406
DEBUG 2024-08-10 14:43:35,129 autoreload File C:\Program Files\WindowsApps\PythonSoftwareFoundation.Python.3.12_3.12.1520.0_x64__qbz5n2kfra8p0\Lib\logging\config.py first seen with mtime 1723024915.4739385
DEBUG 2024-08-10 14:43:35,129 autoreload File C:\Users\theop\project_mediatheque\Lib\site-packages\django\utils\_os.py first seen with mtime 1722342987.5402806
DEBUG 2024-08-10 14:43:35,129 autoreload File C:\Users\theop\project_mediatheque\Lib\site-packages\django\contrib\admin\helpers.py first seen with mtime 1722342966.7708488
DEBUG 2024-08-10 14:43:35,129 autoreload File C:\Users\theop\project_mediatheque\Lib\site-packages\django\db\models\query_utils.py first seen with mtime 1722342986.4529953
DEBUG 2024-08-10 14:43:35,129 autoreload File C:\Program Files\WindowsApps\PythonSoftwareFoundation.Python.3.12_3.12.1520.0_x64__qbz5n2kfra8p0\Lib\urllib\request.py first seen with mtime 1722342090.1755996
DEBUG 2024-08-10 14:43:35,129 autoreload File C:\Program Files\WindowsApps\PythonSoftwareFoundation.Python.3.12_3.12.1520.0_x64__qbz5n2kfra8p0\Lib\string.py first seen with mtime 1722342083.513731
DEBUG 2024-08-10 14:43:35,129 autoreload File C:\Program Files\WindowsApps\PythonSoftwareFoundation.Python.3.12_3.12.1520.0_x64__qbz5n2kfra8p0\Lib\email\_policybase.py first seen with mtime 1723024880.4757845
DEBUG 2024-08-10 14:43:35,129 autoreload File C:\Users\theop\project_mediatheque\Lib\site-packages\django\db\utils.py first seen with mtime 1722342985.9290876
DEBUG 2024-08-10 14:43:35,129 autoreload File C:\Users\theop\project_mediatheque\Lib\site-packages\sqlparse\utils.py first seen with mtime 1722342964.0969274
DEBUG 2024-08-10 14:43:35,129 autoreload File C:\Program Files\WindowsApps\PythonSoftwareFoundation.Python.3.12_3.12.1520.0_x64__qbz5n2kfra8p0\DLLs\_sqlite3.pyd first seen with mtime 1723024858.4636745
DEBUG 2024-08-10 14:43:35,129 autoreload File C:\Users\theop\project_mediatheque\Lib\site-packages\django\core\validators.py first seen with mtime 1722342985.4912224
DEBUG 2024-08-10 14:43:35,129 autoreload File C:\Users\theop\project_mediatheque\Lib\site-packages\django\core\handlers\base.py first seen with mtime 1722342985.6985202
DEBUG 2024-08-10 14:43:35,129 autoreload File C:\Users\theop\project_mediatheque\Lib\site-packages\django\core\management\base.py first seen with mtime 1722342985.7601821
DEBUG 2024-08-10 14:43:35,129 autoreload File C:\Users\theop\project_mediatheque\Lib\site-packages\django\utils\itercompat.py first seen with mtime 1722342987.6525803
DEBUG 2024-08-10 14:43:35,129 autoreload File C:\Users\theop\project_mediatheque\Lib\site-packages\django\views\csrf.py first seen with mtime 1722342987.7518249
DEBUG 2024-08-10 14:43:35,129 autoreload File C:\Users\theop\project_mediatheque\Lib\site-packages\django\core\checks\database.py first seen with mtime 1722342985.5720267
DEBUG 2024-08-10 14:43:35,129 autoreload File C:\Users\theop\project_mediatheque\Lib\site-packages\django\core\checks\templates.py first seen with mtime 1722342985.5942738
DEBUG 2024-08-10 14:43:35,129 autoreload File C:\Users\theop\project_mediatheque\Lib\site-packages\django\contrib\admin\widgets.py first seen with mtime 1722342966.8066587
DEBUG 2024-08-10 14:43:35,129 autoreload File C:\Program Files\WindowsApps\PythonSoftwareFoundation.Python.3.12_3.12.1520.0_x64__qbz5n2kfra8p0\Lib\uuid.py first seen with mtime 1722342090.1950312
DEBUG 2024-08-10 14:43:35,129 autoreload File C:\Users\theop\project_mediatheque\Lib\site-packages\django\db\backends\base\introspection.py first seen with mtime 1722342985.977984
DEBUG 2024-08-10 14:43:35,129 autoreload File C:\Program Files\WindowsApps\PythonSoftwareFoundation.Python.3.12_3.12.1520.0_x64__qbz5n2kfra8p0\Lib\collections\abc.py first seen with mtime 1722341993.2121592
DEBUG 2024-08-10 14:43:35,129 autoreload File C:\Users\theop\project_mediatheque\Lib\site-packages\django\core\checks\urls.py first seen with mtime 1722342985.6002727
DEBUG 2024-08-10 14:43:35,129 autoreload File C:\Program Files\WindowsApps\PythonSoftwareFoundation.Python.3.12_3.12.1520.0_x64__qbz5n2kfra8p0\Lib\multiprocessing\__init__.py first seen with mtime 1722342057.084954
DEBUG 2024-08-10 14:43:35,129 autoreload File C:\Users\theop\project_mediatheque\Lib\site-packages\sqlparse\engine\filter_stack.py first seen with mtime 1722342964.104704
DEBUG 2024-08-10 14:43:35,129 autoreload File C:\Users\theop\project_mediatheque\Lib\site-packages\django\db\models\fields\__init__.py first seen with mtime 1722342986.4735284
DEBUG 2024-08-10 14:43:35,129 autoreload File C:\Users\theop\project_mediatheque\Lib\site-packages\django\contrib\admin\utils.py first seen with mtime 1722342966.8002903
DEBUG 2024-08-10 14:43:35,129 autoreload File C:\Program Files\WindowsApps\PythonSoftwareFoundation.Python.3.12_3.12.1520.0_x64__qbz5n2kfra8p0\Lib\ast.py first seen with mtime 1722341993.1089222
DEBUG 2024-08-10 14:43:35,129 autoreload File C:\Program Files\WindowsApps\PythonSoftwareFoundation.Python.3.12_3.12.1520.0_x64__qbz5n2kfra8p0\Lib\token.py first seen with mtime 1722342090.065889
DEBUG 2024-08-10 14:43:35,129 autoreload File C:\Users\theop\project_mediatheque\Lib\site-packages\django\core\checks\compatibility\__init__.py first seen with mtime 1722342985.6075194
DEBUG 2024-08-10 14:43:35,129 autoreload File C:\Program Files\WindowsApps\PythonSoftwareFoundation.Python.3.12_3.12.1520.0_x64__qbz5n2kfra8p0\Lib\encodings\__init__.py first seen with mtime 1722342005.456111
DEBUG 2024-08-10 14:43:35,129 autoreload File C:\Users\theop\project_mediatheque\Lib\site-packages\django\contrib\admin\views\autocomplete.py first seen with mtime 1722342970.791718
DEBUG 2024-08-10 14:43:35,129 autoreload File C:\Program Files\WindowsApps\PythonSoftwareFoundation.Python.3.12_3.12.1520.0_x64__qbz5n2kfra8p0\Lib\dataclasses.py first seen with mtime 1722341993.2738783
DEBUG 2024-08-10 14:43:35,145 autoreload File C:\Program Files\WindowsApps\PythonSoftwareFoundation.Python.3.12_3.12.1520.0_x64__qbz5n2kfra8p0\Lib\zoneinfo\__init__.py first seen with mtime 1722342095.9504752
DEBUG 2024-08-10 14:43:35,145 autoreload File C:\Users\theop\project_mediatheque\Lib\site-packages\django\core\checks\async_checks.py first seen with mtime 1722342985.5563455
DEBUG 2024-08-10 14:43:35,145 autoreload File C:\Users\theop\project_mediatheque\Lib\site-packages\django\templatetags\i18n.py first seen with mtime 1722342987.4538076
DEBUG 2024-08-10 14:43:35,145 autoreload File C:\Program Files\WindowsApps\PythonSoftwareFoundation.Python.3.12_3.12.1520.0_x64__qbz5n2kfra8p0\Lib\http\client.py first seen with mtime 1722342017.6120276
DEBUG 2024-08-10 14:43:35,145 autoreload File C:\Users\theop\project_mediatheque\Lib\site-packages\django\db\migrations\operations\base.py first seen with mtime 1722342986.3330188
DEBUG 2024-08-10 14:43:35,145 autoreload File C:\Program Files\WindowsApps\PythonSoftwareFoundation.Python.3.12_3.12.1520.0_x64__qbz5n2kfra8p0\Lib\datetime.py first seen with mtime 1722341993.2738783
DEBUG 2024-08-10 14:43:35,145 autoreload File C:\Program Files\WindowsApps\PythonSoftwareFoundation.Python.3.12_3.12.1520.0_x64__qbz5n2kfra8p0\Lib\ctypes\__init__.py first seen with mtime 1722341993.252836
DEBUG 2024-08-10 14:43:35,145 autoreload File C:\Program Files\WindowsApps\PythonSoftwareFoundation.Python.3.12_3.12.1520.0_x64__qbz5n2kfra8p0\Lib\bz2.py first seen with mtime 1722341993.2071247
DEBUG 2024-08-10 14:43:35,145 autoreload File C:\Users\theop\project_mediatheque\Lib\site-packages\sqlparse\filters\tokens.py first seen with mtime 1722342964.1467202
DEBUG 2024-08-10 14:43:35,145 autoreload File C:\Program Files\WindowsApps\PythonSoftwareFoundation.Python.3.12_3.12.1520.0_x64__qbz5n2kfra8p0\Lib\decimal.py first seen with mtime 1723024880.4411683
DEBUG 2024-08-10 14:43:35,145 autoreload File C:\Users\theop\project_mediatheque\Lib\site-packages\django\core\files\storage\memory.py first seen with mtime 1722342985.679889
DEBUG 2024-08-10 14:43:35,145 autoreload File C:\Users\theop\project_mediatheque\Lib\site-packages\django\contrib\sites\shortcuts.py first seen with mtime 1722342984.0353465
DEBUG 2024-08-10 14:43:35,145 autoreload File C:\Program Files\WindowsApps\PythonSoftwareFoundation.Python.3.12_3.12.1520.0_x64__qbz5n2kfra8p0\Lib\collections\__init__.py first seen with mtime 1722341993.2131546
DEBUG 2024-08-10 14:43:35,145 autoreload File C:\Users\theop\project_mediatheque\Lib\site-packages\django\contrib\admin\checks.py first seen with mtime 1722342966.7362223
DEBUG 2024-08-10 14:43:35,145 autoreload File C:\Program Files\WindowsApps\PythonSoftwareFoundation.Python.3.12_3.12.1520.0_x64__qbz5n2kfra8p0\Lib\re\_casefix.py first seen with mtime 1723024925.682618
DEBUG 2024-08-10 14:43:35,145 autoreload File C:\Program Files\WindowsApps\PythonSoftwareFoundation.Python.3.12_3.12.1520.0_x64__qbz5n2kfra8p0\Lib\email\headerregistry.py first seen with mtime 1722341993.2902348
DEBUG 2024-08-10 14:43:35,145 autoreload File C:\Users\theop\project_mediatheque\Lib\site-packages\django\core\exceptions.py first seen with mtime 1722342985.4713726
DEBUG 2024-08-10 14:43:35,145 autoreload File C:\Users\theop\project_mediatheque\Lib\site-packages\django\contrib\admin\sites.py first seen with mtime 1722342966.789595
DEBUG 2024-08-10 14:43:35,145 autoreload File C:\Users\theop\project_mediatheque\Lib\site-packages\sqlparse\__init__.py first seen with mtime 1722342964.048973
DEBUG 2024-08-10 14:43:35,145 autoreload File C:\Users\theop\project_mediatheque\Lib\site-packages\django\template\loaders\__init__.py first seen with mtime 1722342987.4215012
DEBUG 2024-08-10 14:43:35,145 autoreload File C:\Program Files\WindowsApps\PythonSoftwareFoundation.Python.3.12_3.12.1520.0_x64__qbz5n2kfra8p0\Lib\email\generator.py first seen with mtime 1723024880.4463017
DEBUG 2024-08-10 14:43:35,145 autoreload File C:\Users\theop\project_mediatheque\Lib\site-packages\django\core\files\uploadhandler.py first seen with mtime 1722342985.6571355
DEBUG 2024-08-10 14:43:35,145 autoreload File C:\Users\theop\project_mediatheque\Lib\site-packages\django\utils\timezone.py first seen with mtime 1722342987.7041762
DEBUG 2024-08-10 14:43:35,145 autoreload File C:\Program Files\WindowsApps\PythonSoftwareFoundation.Python.3.12_3.12.1520.0_x64__qbz5n2kfra8p0\Lib\email\__init__.py first seen with mtime 1722342005.325451
DEBUG 2024-08-10 14:43:35,145 autoreload File C:\Users\theop\project_mediatheque\Lib\site-packages\django\contrib\auth\management\__init__.py first seen with mtime 1722342973.816665
DEBUG 2024-08-10 14:43:35,145 autoreload File C:\Program Files\WindowsApps\PythonSoftwareFoundation.Python.3.12_3.12.1520.0_x64__qbz5n2kfra8p0\Lib\fnmatch.py first seen with mtime 1722342017.5819135
DEBUG 2024-08-10 14:43:35,145 autoreload File C:\Users\theop\project_mediatheque\Lib\site-packages\django\core\checks\security\base.py first seen with mtime 1722342985.6169064
DEBUG 2024-08-10 14:43:35,145 autoreload File C:\Users\theop\project_mediatheque\Lib\site-packages\django\contrib\staticfiles\views.py first seen with mtime 1722342985.435933
DEBUG 2024-08-10 14:43:35,145 autoreload File C:\Users\theop\project_mediatheque\Lib\site-packages\django\core\mail\__init__.py first seen with mtime 1722342985.7105699
DEBUG 2024-08-10 14:43:35,145 autoreload File C:\Users\theop\project_mediatheque\Lib\site-packages\django\core\cache\utils.py first seen with mtime 1722342985.5155492
DEBUG 2024-08-10 14:43:35,145 autoreload File C:\Program Files\WindowsApps\PythonSoftwareFoundation.Python.3.12_3.12.1520.0_x64__qbz5n2kfra8p0\Lib\concurrent\futures\_base.py first seen with mtime 1722341993.219339
DEBUG 2024-08-10 14:43:35,145 autoreload File C:\Program Files\WindowsApps\PythonSoftwareFoundation.Python.3.12_3.12.1520.0_x64__qbz5n2kfra8p0\Lib\ctypes\_endian.py first seen with mtime 1722341993.252836
DEBUG 2024-08-10 14:43:35,145 autoreload File C:\Users\theop\project_mediatheque\Lib\site-packages\django\core\checks\security\csrf.py first seen with mtime 1722342985.6209035
DEBUG 2024-08-10 14:43:35,145 autoreload File C:\Users\theop\project_mediatheque\Lib\site-packages\django\db\backends\sqlite3\_functions.py first seen with mtime 1722342986.1860259
DEBUG 2024-08-10 14:43:35,145 autoreload File C:\Program Files\WindowsApps\PythonSoftwareFoundation.Python.3.12_3.12.1520.0_x64__qbz5n2kfra8p0\DLLs\_wmi.pyd first seen with mtime 1723024858.4712408
DEBUG 2024-08-10 14:43:35,161 autoreload File C:\Program Files\WindowsApps\PythonSoftwareFoundation.Python.3.12_3.12.1520.0_x64__qbz5n2kfra8p0\Lib\email\mime\multipart.py first seen with mtime 1722341993.2942357
DEBUG 2024-08-10 14:43:35,161 autoreload File C:\Users\theop\project_mediatheque\Lib\site-packages\django\db\models\sql\__init__.py first seen with mtime 1722342986.5917351
DEBUG 2024-08-10 14:43:35,161 autoreload File C:\Program Files\WindowsApps\PythonSoftwareFoundation.Python.3.12_3.12.1520.0_x64__qbz5n2kfra8p0\Lib\opcode.py first seen with mtime 1722342057.138068
DEBUG 2024-08-10 14:43:35,161 autoreload File C:\Users\theop\project_mediatheque\Lib\site-packages\django\db\backends\utils.py first seen with mtime 1722342985.9499195
DEBUG 2024-08-10 14:43:35,161 autoreload File C:\Users\theop\project_mediatheque\Lib\site-packages\django\utils\log.py first seen with mtime 1722342987.6598256
DEBUG 2024-08-10 14:43:35,161 autoreload File C:\Users\theop\project_mediatheque\Lib\site-packages\django\utils\module_loading.py first seen with mtime 1722342987.6729784
DEBUG 2024-08-10 14:43:35,161 autoreload File C:\Users\theop\project_mediatheque\Lib\site-packages\django\utils\numberformat.py first seen with mtime 1722342987.6759634
DEBUG 2024-08-10 14:43:35,161 autoreload File C:\Users\theop\project_mediatheque\Lib\site-packages\django\contrib\admin\actions.py first seen with mtime 1722342966.727003
DEBUG 2024-08-10 14:43:35,161 autoreload File C:\Program Files\WindowsApps\PythonSoftwareFoundation.Python.3.12_3.12.1520.0_x64__qbz5n2kfra8p0\Lib\dis.py first seen with mtime 1722341993.2850447
DEBUG 2024-08-10 14:43:35,161 autoreload File C:\Program Files\WindowsApps\PythonSoftwareFoundation.Python.3.12_3.12.1520.0_x64__qbz5n2kfra8p0\Lib\email\_header_value_parser.py first seen with mtime 1723024880.4711344
DEBUG 2024-08-10 14:43:35,161 autoreload File C:\Users\theop\project_mediatheque\Lib\site-packages\django\utils\connection.py first seen with mtime 1722342987.5671642
DEBUG 2024-08-10 14:43:35,161 autoreload File C:\Users\theop\project_mediatheque\Lib\site-packages\django\db\models\functions\__init__.py first seen with mtime 1722342986.53963
DEBUG 2024-08-10 14:43:35,161 autoreload File C:\Users\theop\project_mediatheque\Lib\site-packages\django\http\response.py first seen with mtime 1722342987.2604306
DEBUG 2024-08-10 14:43:35,161 autoreload File C:\Program Files\WindowsApps\PythonSoftwareFoundation.Python.3.12_3.12.1520.0_x64__qbz5n2kfra8p0\DLLs\_asyncio.pyd first seen with mtime 1723024858.4105742
DEBUG 2024-08-10 14:43:35,161 autoreload File C:\Users\theop\project_mediatheque\Lib\site-packages\django\conf\global_settings.py first seen with mtime 1722342964.5870068
DEBUG 2024-08-10 14:43:35,161 autoreload File C:\Program Files\WindowsApps\PythonSoftwareFoundation.Python.3.12_3.12.1520.0_x64__qbz5n2kfra8p0\Lib\zoneinfo\_common.py first seen with mtime 1722342095.9474747
DEBUG 2024-08-10 14:43:35,161 autoreload File C:\Users\theop\project_mediatheque\Lib\site-packages\django\template\loader_tags.py first seen with mtime 1722342987.381775
DEBUG 2024-08-10 14:43:35,161 autoreload File C:\Program Files\WindowsApps\PythonSoftwareFoundation.Python.3.12_3.12.1520.0_x64__qbz5n2kfra8p0\Lib\asyncio\locks.py first seen with mtime 1722341993.116086
DEBUG 2024-08-10 14:43:35,161 autoreload File C:\Program Files\WindowsApps\PythonSoftwareFoundation.Python.3.12_3.12.1520.0_x64__qbz5n2kfra8p0\Lib\enum.py first seen with mtime 1722342017.5799053
DEBUG 2024-08-10 14:43:35,161 autoreload File C:\Program Files\WindowsApps\PythonSoftwareFoundation.Python.3.12_3.12.1520.0_x64__qbz5n2kfra8p0\Lib\pathlib.py first seen with mtime 1722342057.1450653
DEBUG 2024-08-10 14:43:35,161 autoreload File C:\Users\theop\project_mediatheque\Lib\site-packages\django\core\files\storage\mixins.py first seen with mtime 1722342985.6842463
DEBUG 2024-08-10 14:43:35,161 autoreload File C:\Program Files\WindowsApps\PythonSoftwareFoundation.Python.3.12_3.12.1520.0_x64__qbz5n2kfra8p0\DLLs\_lzma.pyd first seen with mtime 1723024858.4436512
DEBUG 2024-08-10 14:43:35,161 autoreload File C:\Users\theop\project_mediatheque\Lib\site-packages\django\db\migrations\state.py first seen with mtime 1722342986.308651
DEBUG 2024-08-10 14:43:35,161 autoreload File C:\Users\theop\project_mediatheque\Lib\site-packages\django\urls\converters.py first seen with mtime 1722342987.5204911
DEBUG 2024-08-10 14:43:35,161 autoreload File C:\Program Files\WindowsApps\PythonSoftwareFoundation.Python.3.12_3.12.1520.0_x64__qbz5n2kfra8p0\Lib\statistics.py first seen with mtime 1723024971.923324
DEBUG 2024-08-10 14:43:35,161 autoreload File C:\Users\theop\project_mediatheque\Lib\site-packages\django\core\management\commands\runserver.py first seen with mtime 1722342985.8340397
DEBUG 2024-08-10 14:43:35,161 autoreload File C:\Users\theop\project_mediatheque\Lib\site-packages\django\template\loaders\filesystem.py first seen with mtime 1722342987.4359734
DEBUG 2024-08-10 14:43:35,161 autoreload File C:\Program Files\WindowsApps\PythonSoftwareFoundation.Python.3.12_3.12.1520.0_x64__qbz5n2kfra8p0\Lib\http\cookies.py first seen with mtime 1723024900.8759227
DEBUG 2024-08-10 14:43:35,161 autoreload File C:\Users\theop\project_mediatheque\Lib\site-packages\django\contrib\sessions\backends\base.py first seen with mtime 1722342982.562605
DEBUG 2024-08-10 14:43:35,161 autoreload File C:\Users\theop\project_mediatheque\Lib\site-packages\django\db\backends\base\base.py first seen with mtime 1722342985.958272
DEBUG 2024-08-10 14:43:35,176 autoreload File C:\Users\theop\project_mediatheque\Lib\site-packages\django\utils\choices.py first seen with mtime 1722342987.564216
DEBUG 2024-08-10 14:43:35,176 autoreload File C:\Users\theop\project_mediatheque\Lib\site-packages\django\http\multipartparser.py first seen with mtime 1722342987.251384
DEBUG 2024-08-10 14:43:35,176 autoreload File C:\Users\theop\project_mediatheque\Lib\site-packages\django\db\backends\ddl_references.py first seen with mtime 1722342985.9354007
DEBUG 2024-08-10 14:43:35,176 autoreload File C:\Users\theop\project_mediatheque\Lib\site-packages\sqlparse\filters\reindent.py first seen with mtime 1722342964.1359012
DEBUG 2024-08-10 14:43:35,176 autoreload File C:\Users\theop\project_mediatheque\Lib\site-packages\sqlparse\keywords.py first seen with mtime 1722342964.0730865
DEBUG 2024-08-10 14:43:35,176 autoreload File C:\Users\theop\project_mediatheque\Lib\site-packages\django\core\cache\backends\filebased.py first seen with mtime 1722342985.5348685
DEBUG 2024-08-10 14:43:35,176 autoreload File C:\Users\theop\project_mediatheque\Lib\site-packages\django\template\loaders\base.py first seen with mtime 1722342987.4265802
DEBUG 2024-08-10 14:43:35,176 autoreload File C:\Users\theop\project_mediatheque\Lib\site-packages\django\contrib\admin\templatetags\admin_list.py first seen with mtime 1722342970.7667418
DEBUG 2024-08-10 14:43:35,176 autoreload File C:\Users\theop\project_mediatheque\Lib\site-packages\django\db\migrations\migration.py first seen with mtime 1722342986.2726645
DEBUG 2024-08-10 14:43:35,176 autoreload File C:\Users\theop\project_mediatheque\Lib\site-packages\django\contrib\messages\__init__.py first seen with mtime 1722342980.5639434
DEBUG 2024-08-10 14:43:35,176 autoreload File C:\Users\theop\project_mediatheque\Lib\site-packages\django\utils\__init__.py first seen with mtime 1722342987.5382805
DEBUG 2024-08-10 14:43:35,176 autoreload File C:\Users\theop\project_mediatheque\Lib\site-packages\django\contrib\messages\storage\__init__.py first seen with mtime 1722342980.5979488
DEBUG 2024-08-10 14:43:35,176 autoreload File C:\Program Files\WindowsApps\PythonSoftwareFoundation.Python.3.12_3.12.1520.0_x64__qbz5n2kfra8p0\Lib\email\policy.py first seen with mtime 1722342005.3193743
DEBUG 2024-08-10 14:43:35,176 autoreload File C:\Program Files\WindowsApps\PythonSoftwareFoundation.Python.3.12_3.12.1520.0_x64__qbz5n2kfra8p0\DLLs\_hashlib.pyd first seen with mtime 1723024858.4371204
DEBUG 2024-08-10 14:43:35,176 autoreload File C:\Users\theop\project_mediatheque\Lib\site-packages\django\core\handlers\wsgi.py first seen with mtime 1722342985.706132
DEBUG 2024-08-10 14:43:35,176 autoreload File C:\Program Files\WindowsApps\PythonSoftwareFoundation.Python.3.12_3.12.1520.0_x64__qbz5n2kfra8p0\Lib\difflib.py first seen with mtime 1722341993.2840655
DEBUG 2024-08-10 14:43:35,176 autoreload File C:\Users\theop\project_mediatheque\django_mediatheque\gestion\templates\gestion first seen with mtime 1723225564.3590972
DEBUG 2024-08-10 14:43:35,176 autoreload File C:\Users\theop\project_mediatheque\django_mediatheque\gestion\templates\gestion\base.html first seen with mtime 1723225564.3522577
DEBUG 2024-08-10 14:43:35,176 autoreload File C:\Users\theop\project_mediatheque\django_mediatheque\gestion\templates\gestion\bibliothecaire first seen with mtime 1723293331.8672228
DEBUG 2024-08-10 14:43:35,176 autoreload File C:\Users\theop\project_mediatheque\django_mediatheque\gestion\templates\gestion\bibliothecaire_home.html first seen with mtime 1723222877.847774
DEBUG 2024-08-10 14:43:35,176 autoreload File C:\Users\theop\project_mediatheque\django_mediatheque\gestion\templates\gestion\home.html first seen with mtime 1723123073.717271
DEBUG 2024-08-10 14:43:35,176 autoreload File C:\Users\theop\project_mediatheque\django_mediatheque\gestion\templates\gestion\login_bibliothecaire.html first seen with mtime 1723129724.3275492
DEBUG 2024-08-10 14:43:35,176 autoreload File C:\Users\theop\project_mediatheque\django_mediatheque\gestion\templates\gestion\membre first seen with mtime 1723209747.0807314
DEBUG 2024-08-10 14:43:35,176 autoreload File C:\Users\theop\project_mediatheque\django_mediatheque\gestion\templates\gestion\membre_home.html first seen with mtime 1723220478.4077272
DEBUG 2024-08-10 14:43:35,176 autoreload File C:\Users\theop\project_mediatheque\django_mediatheque\gestion\templates\gestion\select_role.html first seen with mtime 1723129931.2661283
DEBUG 2024-08-10 14:43:35,176 autoreload File C:\Users\theop\project_mediatheque\django_mediatheque\gestion\templates\gestion\bibliothecaire\add_media.html first seen with mtime 1723206770.8147845
DEBUG 2024-08-10 14:43:35,176 autoreload File C:\Users\theop\project_mediatheque\django_mediatheque\gestion\templates\gestion\bibliothecaire\create_emprunt.html first seen with mtime 1723222610.6484203
DEBUG 2024-08-10 14:43:35,176 autoreload File C:\Users\theop\project_mediatheque\django_mediatheque\gestion\templates\gestion\bibliothecaire\creer_membre.html first seen with mtime 1723122306.9904234
DEBUG 2024-08-10 14:43:35,176 autoreload File C:\Users\theop\project_mediatheque\django_mediatheque\gestion\templates\gestion\bibliothecaire\liste_membres.html first seen with mtime 1723207317.472366
DEBUG 2024-08-10 14:43:35,176 autoreload File C:\Users\theop\project_mediatheque\django_mediatheque\gestion\templates\gestion\bibliothecaire\list_medias.html first seen with mtime 1723293331.8672228
DEBUG 2024-08-10 14:43:35,176 autoreload File C:\Users\theop\project_mediatheque\django_mediatheque\gestion\templates\gestion\bibliothecaire\mettre_a_jour_membre.html first seen with mtime 1723122322.72316
DEBUG 2024-08-10 14:43:35,176 autoreload File C:\Users\theop\project_mediatheque\django_mediatheque\gestion\templates\gestion\bibliothecaire\rentrer_emprunt.html first seen with mtime 1723122262.2251692
DEBUG 2024-08-10 14:43:35,176 autoreload File C:\Users\theop\project_mediatheque\django_mediatheque\gestion\templates\gestion\bibliothecaire\supprimer_membre.html first seen with mtime 1723207398.3959186
DEBUG 2024-08-10 14:43:35,176 autoreload File C:\Users\theop\project_mediatheque\django_mediatheque\gestion\templates\gestion\membre\liste_medias.html first seen with mtime 1723209747.0719733
DEBUG 2024-08-10 14:43:36,523 autoreload File C:\Users\theop\project_mediatheque\Lib\site-packages\django\contrib\contenttypes\migrations\0001_initial.py first seen with mtime 1722342975.596743
DEBUG 2024-08-10 14:43:36,523 autoreload File C:\Program Files\WindowsApps\PythonSoftwareFoundation.Python.3.12_3.12.1520.0_x64__qbz5n2kfra8p0\Lib\encodings\idna.py first seen with mtime 1722342005.4055626
DEBUG 2024-08-10 14:43:36,523 autoreload File C:\Users\theop\project_mediatheque\Lib\site-packages\django\contrib\contenttypes\migrations\0002_remove_content_type_name.py first seen with mtime 1722342975.599752
DEBUG 2024-08-10 14:43:36,523 autoreload File C:\Users\theop\project_mediatheque\django_mediatheque\gestion\migrations\__init__.py first seen with mtime 1723035422.6465082
DEBUG 2024-08-10 14:43:36,538 autoreload File C:\Users\theop\project_mediatheque\django_mediatheque\wsgi.py first seen with mtime 1722343459.077826
DEBUG 2024-08-10 14:43:36,538 autoreload File C:\Users\theop\project_mediatheque\django_mediatheque\migrations\0004_delete_emprunteur_delete_media.py first seen with mtime 1723120076.5087204
DEBUG 2024-08-10 14:43:36,538 autoreload File C:\Users\theop\project_mediatheque\Lib\site-packages\django\db\migrations\executor.py first seen with mtime 1722342986.2534585
DEBUG 2024-08-10 14:43:36,538 autoreload File C:\Users\theop\project_mediatheque\django_mediatheque\migrations\0002_emprunteur_jeudeplateau_media_delete_livre.py first seen with mtime 1722432091.5397003
DEBUG 2024-08-10 14:43:36,538 autoreload File C:\Users\theop\project_mediatheque\Lib\site-packages\django\contrib\auth\migrations\0005_alter_user_last_login_null.py first seen with mtime 1722342973.8507066
DEBUG 2024-08-10 14:43:36,538 autoreload File C:\Users\theop\project_mediatheque\django_mediatheque\gestion\migrations\0001_initial.py first seen with mtime 1723120076.5159922
DEBUG 2024-08-10 14:43:36,538 autoreload File C:\Users\theop\project_mediatheque\django_mediatheque\gestion\migrations\0007_alter_emprunt_date_retour.py first seen with mtime 1723126000.642324
DEBUG 2024-08-10 14:43:36,538 autoreload File C:\Users\theop\project_mediatheque\Lib\site-packages\django\contrib\auth\migrations\0003_alter_user_email_max_length.py first seen with mtime 1722342973.8437073
DEBUG 2024-08-10 14:43:36,554 autoreload File C:\Users\theop\project_mediatheque\Lib\site-packages\django\middleware\clickjacking.py first seen with mtime 1722342987.2808928
DEBUG 2024-08-10 14:43:36,554 autoreload File C:\Users\theop\project_mediatheque\Lib\site-packages\django\contrib\auth\migrations\0007_alter_validators_add_error_messages.py first seen with mtime 1722342973.858186
DEBUG 2024-08-10 14:43:36,554 autoreload File C:\Users\theop\project_mediatheque\Lib\site-packages\django\db\migrations\recorder.py first seen with mtime 1722342986.2943137
DEBUG 2024-08-10 14:43:36,554 autoreload File C:\Users\theop\project_mediatheque\Lib\site-packages\django\contrib\auth\migrations\0004_alter_user_username_opts.py first seen with mtime 1722342973.847707
DEBUG 2024-08-10 14:43:36,554 autoreload File C:\Users\theop\project_mediatheque\django_mediatheque\migrations\0001_initial.py first seen with mtime 1722344566.7437243
DEBUG 2024-08-10 14:43:36,554 autoreload File C:\Users\theop\project_mediatheque\django_mediatheque\gestion\migrations\0005_alter_emprunt_date_retour.py first seen with mtime 1723123502.103613
DEBUG 2024-08-10 14:43:36,554 autoreload File C:\Users\theop\project_mediatheque\Lib\site-packages\django\contrib\admin\migrations\0001_initial.py first seen with mtime 1722342969.409938
DEBUG 2024-08-10 14:43:36,554 autoreload File C:\Users\theop\project_mediatheque\Lib\site-packages\django\contrib\auth\migrations\0009_alter_user_last_name_max_length.py first seen with mtime 1722342973.8656347
DEBUG 2024-08-10 14:43:36,554 autoreload File C:\Users\theop\project_mediatheque\Lib\site-packages\django\db\migrations\graph.py first seen with mtime 1722342986.2594707
DEBUG 2024-08-10 14:43:36,554 autoreload File C:\Users\theop\project_mediatheque\Lib\site-packages\django\db\migrations\loader.py first seen with mtime 1722342986.268335
DEBUG 2024-08-10 14:43:36,554 autoreload File C:\Users\theop\project_mediatheque\Lib\site-packages\django\contrib\auth\migrations\0006_require_contenttypes_0002.py first seen with mtime 1722342973.8543353
DEBUG 2024-08-10 14:43:36,554 autoreload File C:\Users\theop\project_mediatheque\django_mediatheque\gestion\migrations\0002_alter_emprunt_date_retour.py first seen with mtime 1723122733.729035
DEBUG 2024-08-10 14:43:36,554 autoreload File C:\Users\theop\project_mediatheque\Lib\site-packages\django\contrib\auth\migrations\0008_alter_user_username_max_length.py first seen with mtime 1722342973.861501
DEBUG 2024-08-10 14:43:36,570 autoreload File C:\Users\theop\project_mediatheque\Lib\site-packages\django\contrib\auth\migrations\0001_initial.py first seen with mtime 1722342973.8354163
DEBUG 2024-08-10 14:43:36,570 autoreload File C:\Users\theop\project_mediatheque\django_mediatheque\gestion\migrations\0004_alter_emprunt_date_retour.py first seen with mtime 1723123499.6078174
DEBUG 2024-08-10 14:43:36,570 autoreload File C:\Users\theop\project_mediatheque\Lib\site-packages\django\contrib\admin\migrations\__init__.py first seen with mtime 1722342969.4228384
DEBUG 2024-08-10 14:43:36,570 autoreload File C:\Users\theop\project_mediatheque\Lib\site-packages\django\contrib\admin\migrations\0003_logentry_add_action_flag_choices.py first seen with mtime 1722342969.419321
DEBUG 2024-08-10 14:43:36,570 autoreload File C:\Users\theop\project_mediatheque\django_mediatheque\migrations\__init__.py first seen with mtime 1722344566.7367206
DEBUG 2024-08-10 14:43:36,586 autoreload File C:\Users\theop\project_mediatheque\Lib\site-packages\django\db\models\sql\compiler.py first seen with mtime 1722342986.5957365
DEBUG 2024-08-10 14:43:36,586 autoreload File C:\Users\theop\project_mediatheque\Lib\site-packages\django\contrib\auth\migrations\__init__.py first seen with mtime 1722342973.8842468
DEBUG 2024-08-10 14:43:36,586 autoreload File C:\Users\theop\project_mediatheque\Lib\site-packages\django\views\defaults.py first seen with mtime 1722342987.7635145
DEBUG 2024-08-10 14:43:36,586 autoreload File C:\Users\theop\project_mediatheque\Lib\site-packages\django\contrib\sessions\migrations\__init__.py first seen with mtime 1722342983.972357
DEBUG 2024-08-10 14:43:36,586 autoreload File C:\Users\theop\project_mediatheque\Lib\site-packages\django\conf\urls\__init__.py first seen with mtime 1722342966.7082095
DEBUG 2024-08-10 14:43:36,586 autoreload File C:\Users\theop\project_mediatheque\Lib\site-packages\django\contrib\auth\migrations\0010_alter_group_name_max_length.py first seen with mtime 1722342973.869495
DEBUG 2024-08-10 14:43:36,586 autoreload File C:\Users\theop\project_mediatheque\Lib\site-packages\django\contrib\auth\migrations\0012_alter_user_first_name_max_length.py first seen with mtime 1722342973.8822446
DEBUG 2024-08-10 14:43:36,586 autoreload File C:\Program Files\WindowsApps\PythonSoftwareFoundation.Python.3.12_3.12.1520.0_x64__qbz5n2kfra8p0\Lib\stringprep.py first seen with mtime 1722342083.513731
DEBUG 2024-08-10 14:43:36,586 autoreload File C:\Users\theop\project_mediatheque\Lib\site-packages\django\contrib\contenttypes\migrations\__init__.py first seen with mtime 1722342975.6061614
DEBUG 2024-08-10 14:43:36,586 autoreload File C:\Users\theop\project_mediatheque\Lib\site-packages\django\contrib\auth\migrations\0002_alter_permission_name_max_length.py first seen with mtime 1722342973.8394163
DEBUG 2024-08-10 14:43:36,586 autoreload File C:\Users\theop\project_mediatheque\django_mediatheque\gestion\migrations\0008_alter_emprunt_date_retour.py first seen with mtime 1723126638.204815
DEBUG 2024-08-10 14:43:36,601 autoreload File C:\Users\theop\project_mediatheque\Lib\site-packages\django\contrib\sessions\migrations\0001_initial.py first seen with mtime 1722342983.968012
DEBUG 2024-08-10 14:43:36,607 autoreload File C:\Users\theop\project_mediatheque\django_mediatheque\migrations\0003_delete_jeudeplateau_media_artiste_media_createur_and_more.py first seen with mtime 1722868529.2873642
DEBUG 2024-08-10 14:43:36,607 autoreload File C:\Users\theop\project_mediatheque\django_mediatheque\gestion\migrations\0003_alter_emprunt_date_retour.py first seen with mtime 1723123498.5905137
DEBUG 2024-08-10 14:43:36,607 autoreload File C:\Users\theop\project_mediatheque\Lib\site-packages\django\contrib\admin\migrations\0002_logentry_remove_auto_add.py first seen with mtime 1722342969.415321
DEBUG 2024-08-10 14:43:36,607 autoreload File C:\Users\theop\project_mediatheque\django_mediatheque\gestion\migrations\0006_alter_emprunt_date_retour.py first seen with mtime 1723123508.7748
DEBUG 2024-08-10 14:43:36,607 autoreload File C:\Users\theop\project_mediatheque\Lib\site-packages\django\contrib\sessions\backends\db.py first seen with mtime 1722342982.5765722
DEBUG 2024-08-10 14:43:36,619 autoreload File C:\Users\theop\project_mediatheque\Lib\site-packages\django\contrib\auth\migrations\0011_update_proxy_permissions.py first seen with mtime 1722342973.8727171
DEBUG 2024-08-10 14:43:47,638 utils (0.000) SELECT "django_session"."session_key", "django_session"."session_data", "django_session"."expire_date" FROM "django_session" WHERE ("django_session"."expire_date" > '2024-08-10 12:43:47.636924' AND "django_session"."session_key" = '01fmtu2c7b62u3enia7ja1x8vsfw1jyu') LIMIT 21; args=('2024-08-10 12:43:47.636924', '01fmtu2c7b62u3enia7ja1x8vsfw1jyu'); alias=default
DEBUG 2024-08-10 14:43:47,645 utils (0.000) SELECT "auth_user"."id", "auth_user"."password", "auth_user"."last_login", "auth_user"."is_superuser", "auth_user"."username", "auth_user"."first_name", "auth_user"."last_name", "auth_user"."email", "auth_user"."is_staff", "auth_user"."is_active", "auth_user"."date_joined" FROM "auth_user" WHERE "auth_user"."id" = 3 LIMIT 21; args=(3,); alias=default
DEBUG 2024-08-10 14:43:47,646 utils (0.000) SELECT "gestion_livre"."id", "gestion_livre"."name", "gestion_livre"."auteur", "gestion_livre"."date_emprunt", "gestion_livre"."disponible", "gestion_livre"."emprunteur_id" FROM "gestion_livre"; args=(); alias=default
DEBUG 2024-08-10 14:43:47,653 utils (0.000) SELECT "gestion_dvd"."id", "gestion_dvd"."name", "gestion_dvd"."realisateur", "gestion_dvd"."date_emprunt", "gestion_dvd"."disponible", "gestion_dvd"."emprunteur_id" FROM "gestion_dvd"; args=(); alias=default
DEBUG 2024-08-10 14:43:47,654 utils (0.000) SELECT "gestion_cd"."id", "gestion_cd"."name", "gestion_cd"."artiste", "gestion_cd"."date_emprunt", "gestion_cd"."disponible", "gestion_cd"."emprunteur_id" FROM "gestion_cd"; args=(); alias=default
DEBUG 2024-08-10 14:43:47,656 utils (0.000) SELECT "gestion_jeudeplateau"."id", "gestion_jeudeplateau"."name", "gestion_jeudeplateau"."createur" FROM "gestion_jeudeplateau"; args=(); alias=default
DEBUG 2024-08-10 14:43:47,657 base Exception while resolving variable 'is_bibliothecaire' in template 'gestion/bibliothecaire/list_medias.html'.
Traceback (most recent call last):
  File "C:\Users\theop\project_mediatheque\Lib\site-packages\django\template\base.py", line 875, in _resolve_lookup
    current = current[bit]
              ~~~~~~~^^^^^
  File "C:\Users\theop\project_mediatheque\Lib\site-packages\django\template\context.py", line 83, in __getitem__
    raise KeyError(key)
KeyError: 'is_bibliothecaire'

During handling of the above exception, another exception occurred:

Traceback (most recent call last):
  File "C:\Users\theop\project_mediatheque\Lib\site-packages\django\template\base.py", line 881, in _resolve_lookup
    if isinstance(current, BaseContext) and getattr(
                                            ^^^^^^^^
AttributeError: type object 'RequestContext' has no attribute 'is_bibliothecaire'

During handling of the above exception, another exception occurred:

Traceback (most recent call last):
  File "C:\Users\theop\project_mediatheque\Lib\site-packages\django\template\base.py", line 891, in _resolve_lookup
    current = current[int(bit)]
                      ^^^^^^^^
ValueError: invalid literal for int() with base 10: 'is_bibliothecaire'

During handling of the above exception, another exception occurred:

Traceback (most recent call last):
  File "C:\Users\theop\project_mediatheque\Lib\site-packages\django\template\base.py", line 898, in _resolve_lookup
    raise VariableDoesNotExist(
django.template.base.VariableDoesNotExist: Failed lookup for key [is_bibliothecaire] in [{'True': True, 'False': False, 'None': None}, {'csrf_token': <SimpleLazyObject: <function csrf.<locals>._get_val at 0x000001DA4C89A700>>, 'request': <WSGIRequest: GET '/gestion/medias/'>, 'user': <SimpleLazyObject: <User: Biblio1>>, 'perms': PermWrapper(<SimpleLazyObject: <User: Biblio1>>), 'messages': <FallbackStorage: request=<WSGIRequest: GET '/gestion/medias/'>>, 'DEFAULT_MESSAGE_LEVELS': {'DEBUG': 10, 'INFO': 20, 'SUCCESS': 25, 'WARNING': 30, 'ERROR': 40}}, {}, {'livres': ['Eragon - Christopher Paolini (Emprunt)'], 'dvds': <QuerySet [<DVD: DVD object (1)>]>, 'cds': <QuerySet [<CD: CD object (1)>]>, 'jeux_de_plateau': <QuerySet [<JeuDePlateau: JeuDePlateau object (1)>]>}]
INFO 2024-08-10 14:43:47,670 basehttp "GET /gestion/medias/ HTTP/1.1" 200 739
DEBUG 2024-08-10 14:43:48,646 autoreload File C:\Users\theop\project_mediatheque\Lib\site-packages\django\contrib\messages\storage\session.py first seen with mtime 1722342980.6170368
DEBUG 2024-08-10 14:43:48,647 autoreload File C:\Users\theop\project_mediatheque\Lib\site-packages\django\template\context_processors.py first seen with mtime 1722342987.3423884
DEBUG 2024-08-10 14:43:48,648 autoreload File C:\Users\theop\project_mediatheque\Lib\site-packages\django\contrib\sessions\serializers.py first seen with mtime 1722342982.5562599
DEBUG 2024-08-10 14:43:48,651 autoreload File C:\Users\theop\project_mediatheque\Lib\site-packages\django\contrib\messages\storage\fallback.py first seen with mtime 1722342980.6139455
DEBUG 2024-08-10 14:43:48,653 autoreload File C:\Users\theop\project_mediatheque\Lib\site-packages\django\contrib\auth\context_processors.py first seen with mtime 1722342972.2059255
DEBUG 2024-08-10 14:43:48,677 autoreload File C:\Users\theop\project_mediatheque\Lib\site-packages\django\contrib\messages\context_processors.py first seen with mtime 1722342980.5803063
DEBUG 2024-08-10 14:43:48,685 autoreload File C:\Users\theop\project_mediatheque\Lib\site-packages\django\contrib\messages\storage\cookie.py first seen with mtime 1722342980.6084049
DEBUG 2024-08-10 14:44:28,324 utils (0.000) SELECT "django_session"."session_key", "django_session"."session_data", "django_session"."expire_date" FROM "django_session" WHERE ("django_session"."expire_date" > '2024-08-10 12:44:28.321356' AND "django_session"."session_key" = '01fmtu2c7b62u3enia7ja1x8vsfw1jyu') LIMIT 21; args=('2024-08-10 12:44:28.321356', '01fmtu2c7b62u3enia7ja1x8vsfw1jyu'); alias=default
DEBUG 2024-08-10 14:44:28,324 utils (0.000) SELECT "auth_user"."id", "auth_user"."password", "auth_user"."last_login", "auth_user"."is_superuser", "auth_user"."username", "auth_user"."first_name", "auth_user"."last_name", "auth_user"."email", "auth_user"."is_staff", "auth_user"."is_active", "auth_user"."date_joined" FROM "auth_user" WHERE "auth_user"."id" = 3 LIMIT 21; args=(3,); alias=default
INFO 2024-08-10 14:44:28,334 basehttp "GET / HTTP/1.1" 200 385
DEBUG 2024-08-10 14:44:30,756 utils (0.000) SELECT "django_session"."session_key", "django_session"."session_data", "django_session"."expire_date" FROM "django_session" WHERE ("django_session"."expire_date" > '2024-08-10 12:44:30.754176' AND "django_session"."session_key" = '01fmtu2c7b62u3enia7ja1x8vsfw1jyu') LIMIT 21; args=('2024-08-10 12:44:30.754176', '01fmtu2c7b62u3enia7ja1x8vsfw1jyu'); alias=default
DEBUG 2024-08-10 14:44:30,757 utils (0.000) SELECT "auth_user"."id", "auth_user"."password", "auth_user"."last_login", "auth_user"."is_superuser", "auth_user"."username", "auth_user"."first_name", "auth_user"."last_name", "auth_user"."email", "auth_user"."is_staff", "auth_user"."is_active", "auth_user"."date_joined" FROM "auth_user" WHERE "auth_user"."id" = 3 LIMIT 21; args=(3,); alias=default
INFO 2024-08-10 14:44:30,760 basehttp "GET /gestion/membre/ HTTP/1.1" 200 323
DEBUG 2024-08-10 14:44:31,377 utils (0.000) SELECT "django_session"."session_key", "django_session"."session_data", "django_session"."expire_date" FROM "django_session" WHERE ("django_session"."expire_date" > '2024-08-10 12:44:31.373105' AND "django_session"."session_key" = '01fmtu2c7b62u3enia7ja1x8vsfw1jyu') LIMIT 21; args=('2024-08-10 12:44:31.373105', '01fmtu2c7b62u3enia7ja1x8vsfw1jyu'); alias=default
DEBUG 2024-08-10 14:44:31,379 utils (0.000) SELECT "auth_user"."id", "auth_user"."password", "auth_user"."last_login", "auth_user"."is_superuser", "auth_user"."username", "auth_user"."first_name", "auth_user"."last_name", "auth_user"."email", "auth_user"."is_staff", "auth_user"."is_active", "auth_user"."date_joined" FROM "auth_user" WHERE "auth_user"."id" = 3 LIMIT 21; args=(3,); alias=default
DEBUG 2024-08-10 14:44:31,380 utils (0.000) SELECT "gestion_livre"."id", "gestion_livre"."name", "gestion_livre"."auteur", "gestion_livre"."date_emprunt", "gestion_livre"."disponible", "gestion_livre"."emprunteur_id" FROM "gestion_livre"; args=(); alias=default
DEBUG 2024-08-10 14:44:31,381 utils (0.000) SELECT "gestion_dvd"."id", "gestion_dvd"."name", "gestion_dvd"."realisateur", "gestion_dvd"."date_emprunt", "gestion_dvd"."disponible", "gestion_dvd"."emprunteur_id" FROM "gestion_dvd"; args=(); alias=default
DEBUG 2024-08-10 14:44:31,381 utils (0.000) SELECT "gestion_cd"."id", "gestion_cd"."name", "gestion_cd"."artiste", "gestion_cd"."date_emprunt", "gestion_cd"."disponible", "gestion_cd"."emprunteur_id" FROM "gestion_cd"; args=(); alias=default
DEBUG 2024-08-10 14:44:31,384 utils (0.000) SELECT "gestion_jeudeplateau"."id", "gestion_jeudeplateau"."name", "gestion_jeudeplateau"."createur" FROM "gestion_jeudeplateau"; args=(); alias=default
DEBUG 2024-08-10 14:44:31,384 base Exception while resolving variable 'is_bibliothecaire' in template 'gestion/bibliothecaire/list_medias.html'.
Traceback (most recent call last):
  File "C:\Users\theop\project_mediatheque\Lib\site-packages\django\template\base.py", line 875, in _resolve_lookup
    current = current[bit]
              ~~~~~~~^^^^^
  File "C:\Users\theop\project_mediatheque\Lib\site-packages\django\template\context.py", line 83, in __getitem__
    raise KeyError(key)
KeyError: 'is_bibliothecaire'

During handling of the above exception, another exception occurred:

Traceback (most recent call last):
  File "C:\Users\theop\project_mediatheque\Lib\site-packages\django\template\base.py", line 881, in _resolve_lookup
    if isinstance(current, BaseContext) and getattr(
                                            ^^^^^^^^
AttributeError: type object 'RequestContext' has no attribute 'is_bibliothecaire'

During handling of the above exception, another exception occurred:

Traceback (most recent call last):
  File "C:\Users\theop\project_mediatheque\Lib\site-packages\django\template\base.py", line 891, in _resolve_lookup
    current = current[int(bit)]
                      ^^^^^^^^
ValueError: invalid literal for int() with base 10: 'is_bibliothecaire'

During handling of the above exception, another exception occurred:

Traceback (most recent call last):
  File "C:\Users\theop\project_mediatheque\Lib\site-packages\django\template\base.py", line 898, in _resolve_lookup
    raise VariableDoesNotExist(
django.template.base.VariableDoesNotExist: Failed lookup for key [is_bibliothecaire] in [{'True': True, 'False': False, 'None': None}, {'csrf_token': <SimpleLazyObject: <function csrf.<locals>._get_val at 0x000001DA4C81D1C0>>, 'request': <WSGIRequest: GET '/gestion/medias/'>, 'user': <SimpleLazyObject: <User: Biblio1>>, 'perms': PermWrapper(<SimpleLazyObject: <User: Biblio1>>), 'messages': <FallbackStorage: request=<WSGIRequest: GET '/gestion/medias/'>>, 'DEFAULT_MESSAGE_LEVELS': {'DEBUG': 10, 'INFO': 20, 'SUCCESS': 25, 'WARNING': 30, 'ERROR': 40}}, {}, {'livres': ['Eragon - Christopher Paolini (Emprunt)'], 'dvds': <QuerySet [<DVD: DVD object (1)>]>, 'cds': <QuerySet [<CD: CD object (1)>]>, 'jeux_de_plateau': <QuerySet [<JeuDePlateau: JeuDePlateau object (1)>]>}]
INFO 2024-08-10 14:44:31,390 basehttp "GET /gestion/medias/ HTTP/1.1" 200 739
DEBUG 2024-08-10 14:44:34,032 utils (0.000) SELECT "django_session"."session_key", "django_session"."session_data", "django_session"."expire_date" FROM "django_session" WHERE ("django_session"."expire_date" > '2024-08-10 12:44:34.027854' AND "django_session"."session_key" = '01fmtu2c7b62u3enia7ja1x8vsfw1jyu') LIMIT 21; args=('2024-08-10 12:44:34.027854', '01fmtu2c7b62u3enia7ja1x8vsfw1jyu'); alias=default
DEBUG 2024-08-10 14:44:34,039 utils (0.000) SELECT "auth_user"."id", "auth_user"."password", "auth_user"."last_login", "auth_user"."is_superuser", "auth_user"."username", "auth_user"."first_name", "auth_user"."last_name", "auth_user"."email", "auth_user"."is_staff", "auth_user"."is_active", "auth_user"."date_joined" FROM "auth_user" WHERE "auth_user"."id" = 3 LIMIT 21; args=(3,); alias=default
INFO 2024-08-10 14:44:34,040 basehttp "GET /gestion/membre/ HTTP/1.1" 200 323
DEBUG 2024-08-10 14:44:36,269 utils (0.000) SELECT "django_session"."session_key", "django_session"."session_data", "django_session"."expire_date" FROM "django_session" WHERE ("django_session"."expire_date" > '2024-08-10 12:44:36.262894' AND "django_session"."session_key" = '01fmtu2c7b62u3enia7ja1x8vsfw1jyu') LIMIT 21; args=('2024-08-10 12:44:36.262894', '01fmtu2c7b62u3enia7ja1x8vsfw1jyu'); alias=default
DEBUG 2024-08-10 14:44:36,270 utils (0.000) SELECT "auth_user"."id", "auth_user"."password", "auth_user"."last_login", "auth_user"."is_superuser", "auth_user"."username", "auth_user"."first_name", "auth_user"."last_name", "auth_user"."email", "auth_user"."is_staff", "auth_user"."is_active", "auth_user"."date_joined" FROM "auth_user" WHERE "auth_user"."id" = 3 LIMIT 21; args=(3,); alias=default
DEBUG 2024-08-10 14:44:36,272 utils (0.000) SELECT "gestion_livre"."id", "gestion_livre"."name", "gestion_livre"."auteur", "gestion_livre"."date_emprunt", "gestion_livre"."disponible", "gestion_livre"."emprunteur_id" FROM "gestion_livre"; args=(); alias=default
DEBUG 2024-08-10 14:44:36,273 utils (0.000) SELECT "gestion_dvd"."id", "gestion_dvd"."name", "gestion_dvd"."realisateur", "gestion_dvd"."date_emprunt", "gestion_dvd"."disponible", "gestion_dvd"."emprunteur_id" FROM "gestion_dvd"; args=(); alias=default
DEBUG 2024-08-10 14:44:36,274 utils (0.000) SELECT "gestion_cd"."id", "gestion_cd"."name", "gestion_cd"."artiste", "gestion_cd"."date_emprunt", "gestion_cd"."disponible", "gestion_cd"."emprunteur_id" FROM "gestion_cd"; args=(); alias=default
DEBUG 2024-08-10 14:44:36,275 utils (0.000) SELECT "gestion_jeudeplateau"."id", "gestion_jeudeplateau"."name", "gestion_jeudeplateau"."createur" FROM "gestion_jeudeplateau"; args=(); alias=default
DEBUG 2024-08-10 14:44:36,275 base Exception while resolving variable 'is_bibliothecaire' in template 'gestion/bibliothecaire/list_medias.html'.
Traceback (most recent call last):
  File "C:\Users\theop\project_mediatheque\Lib\site-packages\django\template\base.py", line 875, in _resolve_lookup
    current = current[bit]
              ~~~~~~~^^^^^
  File "C:\Users\theop\project_mediatheque\Lib\site-packages\django\template\context.py", line 83, in __getitem__
    raise KeyError(key)
KeyError: 'is_bibliothecaire'

During handling of the above exception, another exception occurred:

Traceback (most recent call last):
  File "C:\Users\theop\project_mediatheque\Lib\site-packages\django\template\base.py", line 881, in _resolve_lookup
    if isinstance(current, BaseContext) and getattr(
                                            ^^^^^^^^
AttributeError: type object 'RequestContext' has no attribute 'is_bibliothecaire'

During handling of the above exception, another exception occurred:

Traceback (most recent call last):
  File "C:\Users\theop\project_mediatheque\Lib\site-packages\django\template\base.py", line 891, in _resolve_lookup
    current = current[int(bit)]
                      ^^^^^^^^
ValueError: invalid literal for int() with base 10: 'is_bibliothecaire'

During handling of the above exception, another exception occurred:

Traceback (most recent call last):
  File "C:\Users\theop\project_mediatheque\Lib\site-packages\django\template\base.py", line 898, in _resolve_lookup
    raise VariableDoesNotExist(
django.template.base.VariableDoesNotExist: Failed lookup for key [is_bibliothecaire] in [{'True': True, 'False': False, 'None': None}, {'csrf_token': <SimpleLazyObject: <function csrf.<locals>._get_val at 0x000001DA4C81EE80>>, 'request': <WSGIRequest: GET '/gestion/medias/'>, 'user': <SimpleLazyObject: <User: Biblio1>>, 'perms': PermWrapper(<SimpleLazyObject: <User: Biblio1>>), 'messages': <FallbackStorage: request=<WSGIRequest: GET '/gestion/medias/'>>, 'DEFAULT_MESSAGE_LEVELS': {'DEBUG': 10, 'INFO': 20, 'SUCCESS': 25, 'WARNING': 30, 'ERROR': 40}}, {}, {'livres': ['Eragon - Christopher Paolini (Emprunt)'], 'dvds': <QuerySet [<DVD: DVD object (1)>]>, 'cds': <QuerySet [<CD: CD object (1)>]>, 'jeux_de_plateau': <QuerySet [<JeuDePlateau: JeuDePlateau object (1)>]>}]
INFO 2024-08-10 14:44:36,279 basehttp "GET /gestion/medias/ HTTP/1.1" 200 739
DEBUG 2024-08-10 14:44:37,638 utils (0.000) SELECT "django_session"."session_key", "django_session"."session_data", "django_session"."expire_date" FROM "django_session" WHERE ("django_session"."expire_date" > '2024-08-10 12:44:37.636385' AND "django_session"."session_key" = '01fmtu2c7b62u3enia7ja1x8vsfw1jyu') LIMIT 21; args=('2024-08-10 12:44:37.636385', '01fmtu2c7b62u3enia7ja1x8vsfw1jyu'); alias=default
DEBUG 2024-08-10 14:44:37,644 utils (0.000) SELECT "auth_user"."id", "auth_user"."password", "auth_user"."last_login", "auth_user"."is_superuser", "auth_user"."username", "auth_user"."first_name", "auth_user"."last_name", "auth_user"."email", "auth_user"."is_staff", "auth_user"."is_active", "auth_user"."date_joined" FROM "auth_user" WHERE "auth_user"."id" = 3 LIMIT 21; args=(3,); alias=default
INFO 2024-08-10 14:44:37,647 basehttp "GET /gestion/membre/ HTTP/1.1" 200 323
DEBUG 2024-08-10 14:44:38,662 utils (0.000) SELECT "django_session"."session_key", "django_session"."session_data", "django_session"."expire_date" FROM "django_session" WHERE ("django_session"."expire_date" > '2024-08-10 12:44:38.658768' AND "django_session"."session_key" = '01fmtu2c7b62u3enia7ja1x8vsfw1jyu') LIMIT 21; args=('2024-08-10 12:44:38.658768', '01fmtu2c7b62u3enia7ja1x8vsfw1jyu'); alias=default
DEBUG 2024-08-10 14:44:38,664 utils (0.000) SELECT "auth_user"."id", "auth_user"."password", "auth_user"."last_login", "auth_user"."is_superuser", "auth_user"."username", "auth_user"."first_name", "auth_user"."last_name", "auth_user"."email", "auth_user"."is_staff", "auth_user"."is_active", "auth_user"."date_joined" FROM "auth_user" WHERE "auth_user"."id" = 3 LIMIT 21; args=(3,); alias=default
INFO 2024-08-10 14:44:38,664 basehttp "GET / HTTP/1.1" 200 385
DEBUG 2024-08-10 14:44:39,939 utils (0.000) SELECT "django_session"."session_key", "django_session"."session_data", "django_session"."expire_date" FROM "django_session" WHERE ("django_session"."expire_date" > '2024-08-10 12:44:39.937986' AND "django_session"."session_key" = '01fmtu2c7b62u3enia7ja1x8vsfw1jyu') LIMIT 21; args=('2024-08-10 12:44:39.937986', '01fmtu2c7b62u3enia7ja1x8vsfw1jyu'); alias=default
DEBUG 2024-08-10 14:44:39,944 utils (0.000) SELECT "auth_user"."id", "auth_user"."password", "auth_user"."last_login", "auth_user"."is_superuser", "auth_user"."username", "auth_user"."first_name", "auth_user"."last_name", "auth_user"."email", "auth_user"."is_staff", "auth_user"."is_active", "auth_user"."date_joined" FROM "auth_user" WHERE "auth_user"."id" = 3 LIMIT 21; args=(3,); alias=default
INFO 2024-08-10 14:44:39,951 basehttp "GET /gestion/bibliothecaire/home HTTP/1.1" 200 599
DEBUG 2024-08-10 14:44:40,686 utils (0.000) SELECT "django_session"."session_key", "django_session"."session_data", "django_session"."expire_date" FROM "django_session" WHERE ("django_session"."expire_date" > '2024-08-10 12:44:40.683316' AND "django_session"."session_key" = '01fmtu2c7b62u3enia7ja1x8vsfw1jyu') LIMIT 21; args=('2024-08-10 12:44:40.683316', '01fmtu2c7b62u3enia7ja1x8vsfw1jyu'); alias=default
DEBUG 2024-08-10 14:44:40,687 utils (0.000) SELECT "auth_user"."id", "auth_user"."password", "auth_user"."last_login", "auth_user"."is_superuser", "auth_user"."username", "auth_user"."first_name", "auth_user"."last_name", "auth_user"."email", "auth_user"."is_staff", "auth_user"."is_active", "auth_user"."date_joined" FROM "auth_user" WHERE "auth_user"."id" = 3 LIMIT 21; args=(3,); alias=default
DEBUG 2024-08-10 14:44:40,690 utils (0.000) SELECT 1 AS "a" FROM "auth_group" INNER JOIN "auth_user_groups" ON ("auth_group"."id" = "auth_user_groups"."group_id") WHERE ("auth_user_groups"."user_id" = 3 AND "auth_group"."name" = 'Bibliothcaires') LIMIT 1; args=(1, 3, 'Bibliothcaires'); alias=default
DEBUG 2024-08-10 14:44:40,698 utils (0.000) SELECT "gestion_emprunteur"."id", "gestion_emprunteur"."name", "gestion_emprunteur"."bloque" FROM "gestion_emprunteur" LIMIT 21; args=(); alias=default
DEBUG 2024-08-10 14:44:40,700 utils (0.000) SELECT "gestion_livre"."id", "gestion_livre"."name", "gestion_livre"."auteur", "gestion_livre"."date_emprunt", "gestion_livre"."disponible", "gestion_livre"."emprunteur_id" FROM "gestion_livre" WHERE "gestion_livre"."disponible" LIMIT 21; args=(); alias=default
DEBUG 2024-08-10 14:44:40,695 base Exception while resolving variable 'error' in template 'gestion/bibliothecaire/create_emprunt.html'.
Traceback (most recent call last):
  File "C:\Users\theop\project_mediatheque\Lib\site-packages\django\template\base.py", line 875, in _resolve_lookup
    current = current[bit]
              ~~~~~~~^^^^^
  File "C:\Users\theop\project_mediatheque\Lib\site-packages\django\template\context.py", line 83, in __getitem__
    raise KeyError(key)
KeyError: 'error'

During handling of the above exception, another exception occurred:

Traceback (most recent call last):
  File "C:\Users\theop\project_mediatheque\Lib\site-packages\django\template\base.py", line 881, in _resolve_lookup
    if isinstance(current, BaseContext) and getattr(
                                            ^^^^^^^^
AttributeError: type object 'RequestContext' has no attribute 'error'

During handling of the above exception, another exception occurred:

Traceback (most recent call last):
  File "C:\Users\theop\project_mediatheque\Lib\site-packages\django\template\base.py", line 891, in _resolve_lookup
    current = current[int(bit)]
                      ^^^^^^^^
ValueError: invalid literal for int() with base 10: 'error'

During handling of the above exception, another exception occurred:

Traceback (most recent call last):
  File "C:\Users\theop\project_mediatheque\Lib\site-packages\django\template\base.py", line 898, in _resolve_lookup
    raise VariableDoesNotExist(
django.template.base.VariableDoesNotExist: Failed lookup for key [error] in [{'True': True, 'False': False, 'None': None}, {'csrf_token': <SimpleLazyObject: <function csrf.<locals>._get_val at 0x000001DA4B8928E0>>, 'request': <WSGIRequest: GET '/gestion/emprunt/creer/'>, 'user': <SimpleLazyObject: <User: Biblio1>>, 'perms': PermWrapper(<SimpleLazyObject: <User: Biblio1>>), 'messages': <FallbackStorage: request=<WSGIRequest: GET '/gestion/emprunt/creer/'>>, 'DEFAULT_MESSAGE_LEVELS': {'DEBUG': 10, 'INFO': 20, 'SUCCESS': 25, 'WARNING': 30, 'ERROR': 40}}, {}, {'emprunteurs': <QuerySet [<Emprunteur: Dupont Jean>]>, 'livres': <QuerySet []>}]
DEBUG 2024-08-10 14:44:40,702 utils (0.000) SELECT "gestion_emprunteur"."id", "gestion_emprunteur"."name", "gestion_emprunteur"."bloque" FROM "gestion_emprunteur"; args=(); alias=default
DEBUG 2024-08-10 14:44:40,710 utils (0.000) SELECT "gestion_livre"."id", "gestion_livre"."name", "gestion_livre"."auteur", "gestion_livre"."date_emprunt", "gestion_livre"."disponible", "gestion_livre"."emprunteur_id" FROM "gestion_livre" WHERE "gestion_livre"."disponible"; args=(); alias=default
INFO 2024-08-10 14:44:40,714 basehttp "GET /gestion/emprunt/creer/ HTTP/1.1" 200 934
DEBUG 2024-08-10 14:44:41,323 autoreload File C:\Users\theop\project_mediatheque\Lib\site-packages\django\conf\locale\en\formats.py first seen with mtime 1722342964.9937768
DEBUG 2024-08-10 14:44:41,325 autoreload File C:\Users\theop\project_mediatheque\Lib\site-packages\django\conf\locale\en\__init__.py first seen with mtime 1722342964.9927702
DEBUG 2024-08-10 14:44:41,911 utils (0.000) SELECT "django_session"."session_key", "django_session"."session_data", "django_session"."expire_date" FROM "django_session" WHERE ("django_session"."expire_date" > '2024-08-10 12:44:41.907461' AND "django_session"."session_key" = '01fmtu2c7b62u3enia7ja1x8vsfw1jyu') LIMIT 21; args=('2024-08-10 12:44:41.907461', '01fmtu2c7b62u3enia7ja1x8vsfw1jyu'); alias=default
DEBUG 2024-08-10 14:44:41,915 utils (0.000) SELECT "auth_user"."id", "auth_user"."password", "auth_user"."last_login", "auth_user"."is_superuser", "auth_user"."username", "auth_user"."first_name", "auth_user"."last_name", "auth_user"."email", "auth_user"."is_staff", "auth_user"."is_active", "auth_user"."date_joined" FROM "auth_user" WHERE "auth_user"."id" = 3 LIMIT 21; args=(3,); alias=default
INFO 2024-08-10 14:44:41,918 basehttp "GET /gestion/bibliothecaire/home HTTP/1.1" 200 599
DEBUG 2024-08-10 14:44:42,756 utils (0.000) SELECT "django_session"."session_key", "django_session"."session_data", "django_session"."expire_date" FROM "django_session" WHERE ("django_session"."expire_date" > '2024-08-10 12:44:42.750822' AND "django_session"."session_key" = '01fmtu2c7b62u3enia7ja1x8vsfw1jyu') LIMIT 21; args=('2024-08-10 12:44:42.750822', '01fmtu2c7b62u3enia7ja1x8vsfw1jyu'); alias=default
DEBUG 2024-08-10 14:44:42,759 utils (0.000) SELECT "auth_user"."id", "auth_user"."password", "auth_user"."last_login", "auth_user"."is_superuser", "auth_user"."username", "auth_user"."first_name", "auth_user"."last_name", "auth_user"."email", "auth_user"."is_staff", "auth_user"."is_active", "auth_user"."date_joined" FROM "auth_user" WHERE "auth_user"."id" = 3 LIMIT 21; args=(3,); alias=default
DEBUG 2024-08-10 14:44:42,763 utils (0.000) SELECT 1 AS "a" FROM "auth_group" INNER JOIN "auth_user_groups" ON ("auth_group"."id" = "auth_user_groups"."group_id") WHERE ("auth_user_groups"."user_id" = 3 AND "auth_group"."name" = 'Bibliothcaires') LIMIT 1; args=(1, 3, 'Bibliothcaires'); alias=default
DEBUG 2024-08-10 14:44:42,765 utils (0.000) SELECT "gestion_emprunteur"."id", "gestion_emprunteur"."name", "gestion_emprunteur"."bloque" FROM "gestion_emprunteur" LIMIT 21; args=(); alias=default
DEBUG 2024-08-10 14:44:42,766 utils (0.000) SELECT "gestion_livre"."id", "gestion_livre"."name", "gestion_livre"."auteur", "gestion_livre"."date_emprunt", "gestion_livre"."disponible", "gestion_livre"."emprunteur_id" FROM "gestion_livre" WHERE "gestion_livre"."disponible" LIMIT 21; args=(); alias=default
DEBUG 2024-08-10 14:44:42,764 base Exception while resolving variable 'error' in template 'gestion/bibliothecaire/create_emprunt.html'.
Traceback (most recent call last):
  File "C:\Users\theop\project_mediatheque\Lib\site-packages\django\template\base.py", line 875, in _resolve_lookup
    current = current[bit]
              ~~~~~~~^^^^^
  File "C:\Users\theop\project_mediatheque\Lib\site-packages\django\template\context.py", line 83, in __getitem__
    raise KeyError(key)
KeyError: 'error'

During handling of the above exception, another exception occurred:

Traceback (most recent call last):
  File "C:\Users\theop\project_mediatheque\Lib\site-packages\django\template\base.py", line 881, in _resolve_lookup
    if isinstance(current, BaseContext) and getattr(
                                            ^^^^^^^^
AttributeError: type object 'RequestContext' has no attribute 'error'

During handling of the above exception, another exception occurred:

Traceback (most recent call last):
  File "C:\Users\theop\project_mediatheque\Lib\site-packages\django\template\base.py", line 891, in _resolve_lookup
    current = current[int(bit)]
                      ^^^^^^^^
ValueError: invalid literal for int() with base 10: 'error'

During handling of the above exception, another exception occurred:

Traceback (most recent call last):
  File "C:\Users\theop\project_mediatheque\Lib\site-packages\django\template\base.py", line 898, in _resolve_lookup
    raise VariableDoesNotExist(
django.template.base.VariableDoesNotExist: Failed lookup for key [error] in [{'True': True, 'False': False, 'None': None}, {'csrf_token': <SimpleLazyObject: <function csrf.<locals>._get_val at 0x000001DA4C89BCE0>>, 'request': <WSGIRequest: GET '/gestion/emprunt/creer/'>, 'user': <SimpleLazyObject: <User: Biblio1>>, 'perms': PermWrapper(<SimpleLazyObject: <User: Biblio1>>), 'messages': <FallbackStorage: request=<WSGIRequest: GET '/gestion/emprunt/creer/'>>, 'DEFAULT_MESSAGE_LEVELS': {'DEBUG': 10, 'INFO': 20, 'SUCCESS': 25, 'WARNING': 30, 'ERROR': 40}}, {}, {'emprunteurs': <QuerySet [<Emprunteur: Dupont Jean>]>, 'livres': <QuerySet []>}]
DEBUG 2024-08-10 14:44:42,769 utils (0.000) SELECT "gestion_emprunteur"."id", "gestion_emprunteur"."name", "gestion_emprunteur"."bloque" FROM "gestion_emprunteur"; args=(); alias=default
DEBUG 2024-08-10 14:44:42,770 utils (0.000) SELECT "gestion_livre"."id", "gestion_livre"."name", "gestion_livre"."auteur", "gestion_livre"."date_emprunt", "gestion_livre"."disponible", "gestion_livre"."emprunteur_id" FROM "gestion_livre" WHERE "gestion_livre"."disponible"; args=(); alias=default
INFO 2024-08-10 14:44:42,771 basehttp "GET /gestion/emprunt/creer/ HTTP/1.1" 200 934
DEBUG 2024-08-10 14:44:46,395 utils (0.000) SELECT "django_session"."session_key", "django_session"."session_data", "django_session"."expire_date" FROM "django_session" WHERE ("django_session"."expire_date" > '2024-08-10 12:44:46.392592' AND "django_session"."session_key" = '01fmtu2c7b62u3enia7ja1x8vsfw1jyu') LIMIT 21; args=('2024-08-10 12:44:46.392592', '01fmtu2c7b62u3enia7ja1x8vsfw1jyu'); alias=default
DEBUG 2024-08-10 14:44:46,396 utils (0.000) SELECT "auth_user"."id", "auth_user"."password", "auth_user"."last_login", "auth_user"."is_superuser", "auth_user"."username", "auth_user"."first_name", "auth_user"."last_name", "auth_user"."email", "auth_user"."is_staff", "auth_user"."is_active", "auth_user"."date_joined" FROM "auth_user" WHERE "auth_user"."id" = 3 LIMIT 21; args=(3,); alias=default
INFO 2024-08-10 14:44:46,398 basehttp "GET /gestion/bibliothecaire/home HTTP/1.1" 200 599
